Grid: core
Blocks: 24
Warmup rows: 24 | Measured rows: 720 | Total: 744
Seed: 42
Written to /home/ubuntu/APE/APEta/results/phase2-core-clean/run_plan.csv
=== PREFLIGHT (grid=core) ===
[PASS] db: images=2846 detections=104767 (/home/ubuntu/training/mot_detections.db)
[PASS] id_pool_json: /home/ubuntu/APE/APEta/scratch/id_pool.json
[PASS] k6: k6 v2.0.0 (commit/8c3be52cc1, go1.26.3, linux/amd64)
[PASS] varnishd: /usr/sbin/varnishd
[PASS] sudo_netns: passwordless sudo for ip netns confirmed
[PASS] netns_systemd_run_user_scope: confirmed working (netns + runuser + systemd-run --user --scope)
[PASS] root_port_free: free

PREFLIGHT PASS
[done] topology up: root(10.200.0.1) <-> ape-origin(10.200.0.2)
[done] applied 'constrained' on veth-ape-h:
qdisc netem 8003: root refcnt 33 limit 1000 delay 25ms  5ms rate 10Mbit
[done] snapshot -> /home/ubuntu/APE/APEta/results/phase2-core-clean/env_snapshot
Total blocks: 24. Resuming from block index 0 (B0015). Measured runs already recorded: 0/720
  [netns] bringing up ape-origin (10.200.0.1 <-> 10.200.0.2)
  [server] start graphql (backend=sqlite)
  [cache] start varnish
  [network] apply constrained
  [block B0015] graphql/caching=on/zipfian/entropy=medium/heavy/constrained/density=medium/vus=10/page_size=0 -- warmup x1
  [block B0015] measured runs remaining: 30/30
    run 0 uid=0ae7fb674084 lat_p95=42.157715 cache_hit_rate=0.365149833518313 error_rate=0 (1/720)
    run 1 uid=de34cf59b8c6 lat_p95=43.435026 cache_hit_rate=0.365149833518313 error_rate=0 (2/720)
    run 2 uid=896a877e6f1f lat_p95=42.52029 cache_hit_rate=0.3806881243063263 error_rate=0 (3/720)
    run 3 uid=fdd84816296f lat_p95=42.431898 cache_hit_rate=0.3895671476137625 error_rate=0 (4/720)
    run 4 uid=d380ca3169b5 lat_p95=42.24573574999999 cache_hit_rate=0.37777777777777777 error_rate=0 (5/720)
    run 5 uid=f5dba78bf6cc lat_p95=42.747558 cache_hit_rate=0.38401775804661487 error_rate=0 (6/720)
    run 6 uid=0fe2e87232fa lat_p95=42.00757345 cache_hit_rate=0.37777777777777777 error_rate=0 (7/720)
    run 7 uid=7b678f549735 lat_p95=42.8626306 cache_hit_rate=0.37666666666666665 error_rate=0 (8/720)
    run 8 uid=6a0f28e59bf6 lat_p95=42.004988 cache_hit_rate=0.36958934517203107 error_rate=0 (9/720)
    run 9 uid=d174a2518b49 lat_p95=42.26573935 cache_hit_rate=0.35444444444444445 error_rate=0 (10/720)
    run 10 uid=e404d09c5b48 lat_p95=42.778126 cache_hit_rate=0.39178690344062156 error_rate=0 (11/720)
    run 11 uid=bd39c64f4841 lat_p95=42.986906049999995 cache_hit_rate=0.36 error_rate=0 (12/720)
    run 12 uid=23c81b05b07a lat_p95=42.119231 cache_hit_rate=0.365149833518313 error_rate=0 (13/720)
    run 13 uid=b1e09f22be2e lat_p95=41.843391 cache_hit_rate=0.40732519422863483 error_rate=0 (14/720)
    run 14 uid=1e5e2c6f63c9 lat_p95=42.087757 cache_hit_rate=0.35294117647058826 error_rate=0 (15/720)
    run 15 uid=dda770499398 lat_p95=42.501431 cache_hit_rate=0.37180910099889014 error_rate=0 (16/720)
    run 16 uid=6754a036bf07 lat_p95=42.902605 cache_hit_rate=0.365149833518313 error_rate=0 (17/720)
    run 17 uid=8afecdf49601 lat_p95=41.936355899999995 cache_hit_rate=0.3611111111111111 error_rate=0 (18/720)
    run 18 uid=ee7a2c349615 lat_p95=42.013446 cache_hit_rate=0.3951165371809101 error_rate=0 (19/720)
    run 19 uid=e15b730f244e lat_p95=43.196859 cache_hit_rate=0.37402885682574916 error_rate=0 (20/720)
    run 20 uid=362464208dfa lat_p95=43.841336749999996 cache_hit_rate=0.3811111111111111 error_rate=0 (21/720)
    run 21 uid=6e6f76ff6b5d lat_p95=43.03959 cache_hit_rate=0.4017758046614872 error_rate=0 (22/720)
    run 22 uid=018cb0c68440 lat_p95=42.725264 cache_hit_rate=0.365149833518313 error_rate=0 (23/720)
    run 23 uid=e9ff658da233 lat_p95=42.974400749999994 cache_hit_rate=0.3388888888888889 error_rate=0 (24/720)
    run 24 uid=ba5b5edd7b45 lat_p95=42.324907 cache_hit_rate=0.39289678135405104 error_rate=0 (25/720)
    run 25 uid=7669d3f23a39 lat_p95=42.562912 cache_hit_rate=0.34739178690344064 error_rate=0 (26/720)
    run 26 uid=9eeec33582c4 lat_p95=42.891430549999995 cache_hit_rate=0.3888888888888889 error_rate=0 (27/720)
    run 27 uid=63f34414fde6 lat_p95=43.44882965 cache_hit_rate=0.37666666666666665 error_rate=0 (28/720)
    run 28 uid=8cd0a33d3bdd lat_p95=42.203636 cache_hit_rate=0.3795782463928968 error_rate=0 (29/720)
    run 29 uid=ba0cc9754507 lat_p95=42.526938 cache_hit_rate=0.3873473917869034 error_rate=0 (30/720)
  [server] stop graphql
  [server] start rest (backend=sqlite)
  [block B0005] rest/caching=on/uniform/entropy=medium/heavy/constrained/density=medium/vus=10/page_size=0 -- warmup x1
  [block B0005] measured runs remaining: 30/30
    run 0 uid=6c668d9271cb lat_p95=37.47875235 cache_hit_rate=0.03 error_rate=0 (31/720)
    run 1 uid=11d0de124d8a lat_p95=37.668344 cache_hit_rate=0.022197558268590455 error_rate=0 (32/720)
    run 2 uid=cc5acf4fc64d lat_p95=37.799497 cache_hit_rate=0.0244173140954495 error_rate=0 (33/720)
    run 3 uid=37dcdc1311a6 lat_p95=37.084494 cache_hit_rate=0.03107658157602664 error_rate=0 (34/720)
    run 4 uid=3d7d2cf8e8c3 lat_p95=37.493506 cache_hit_rate=0.02885682574916759 error_rate=0 (35/720)
    run 5 uid=422c3372c901 lat_p95=37.60179125 cache_hit_rate=0.03 error_rate=0 (36/720)
    run 6 uid=16d71348eabf lat_p95=37.598326 cache_hit_rate=0.026637069922308545 error_rate=0 (37/720)
    run 7 uid=391b410120c5 lat_p95=37.806029 cache_hit_rate=0.025527192008879023 error_rate=0 (38/720)
    run 8 uid=2c49fb32f95e lat_p95=37.037625899999995 cache_hit_rate=0.021111111111111112 error_rate=0 (39/720)
    run 9 uid=4fede4deb6b9 lat_p95=36.710063 cache_hit_rate=0.02774694783573807 error_rate=0 (40/720)
    run 10 uid=8ec0db434d54 lat_p95=36.800256 cache_hit_rate=0.02885682574916759 error_rate=0 (41/720)
    run 11 uid=c916d7ee9560 lat_p95=36.970633 cache_hit_rate=0.02885682574916759 error_rate=0 (42/720)
    run 12 uid=423e01e902e6 lat_p95=37.0944443 cache_hit_rate=0.01888888888888889 error_rate=0 (43/720)
    run 13 uid=346ddf883e29 lat_p95=36.194777 cache_hit_rate=0.016648168701442843 error_rate=0 (44/720)
    run 14 uid=32ef0909528d lat_p95=37.017935 cache_hit_rate=0.02885682574916759 error_rate=0 (45/720)
    run 15 uid=7f9763ebd95f lat_p95=36.935154849999996 cache_hit_rate=0.016666666666666666 error_rate=0 (46/720)
    run 16 uid=4413a2e3d059 lat_p95=36.647218 cache_hit_rate=0.023307436182019976 error_rate=0 (47/720)
    run 17 uid=6db5fa051572 lat_p95=36.852244 cache_hit_rate=0.025527192008879023 error_rate=0 (48/720)
    run 18 uid=155949f3f7e5 lat_p95=37.230007 cache_hit_rate=0.022197558268590455 error_rate=0 (49/720)
    run 19 uid=9cc26cd5d0ba lat_p95=36.995862 cache_hit_rate=0.01997780244173141 error_rate=0 (50/720)
    run 20 uid=2a2fe101f58b lat_p95=37.724125 cache_hit_rate=0.01997780244173141 error_rate=0 (51/720)
    run 21 uid=ec42cbfc454f lat_p95=37.186042549999996 cache_hit_rate=0.024444444444444446 error_rate=0 (52/720)
    run 22 uid=610891792ea4 lat_p95=37.660803 cache_hit_rate=0.03551609322974473 error_rate=0 (53/720)
    run 23 uid=1de43a6cb791 lat_p95=37.06561925 cache_hit_rate=0.03 error_rate=0 (54/720)
    run 24 uid=344dfc3240ad lat_p95=37.206038 cache_hit_rate=0.01553829078801332 error_rate=0 (55/720)
    run 25 uid=761b4b4558be lat_p95=36.833167 cache_hit_rate=0.01997780244173141 error_rate=0 (56/720)
    run 26 uid=fb3d70b9c816 lat_p95=37.69500905 cache_hit_rate=0.024444444444444446 error_rate=0 (57/720)
    run 27 uid=ffa13d3722f9 lat_p95=37.751318 cache_hit_rate=0.026637069922308545 error_rate=0 (58/720)
    run 28 uid=9d4589150b63 lat_p95=37.036539 cache_hit_rate=0.0244173140954495 error_rate=0 (59/720)
    run 29 uid=294f54c3b862 lat_p95=36.901721 cache_hit_rate=0.021087680355160933 error_rate=0 (60/720)
  [server] stop rest
  [server] start graphql (backend=sqlite)
  [cache] stop varnish
  [block B0018] graphql/caching=off/unique/entropy=medium/light/constrained/density=medium/vus=10/page_size=0 -- warmup x1
  [block B0018] measured runs remaining: 30/30
    run 0 uid=209943af2d7b lat_p95=42.39638 cache_hit_rate=None error_rate=0 (61/720)
    run 1 uid=3d36c54407e6 lat_p95=43.471196 cache_hit_rate=None error_rate=0 (62/720)
    run 2 uid=e533f3f583d1 lat_p95=44.171322 cache_hit_rate=None error_rate=0 (63/720)
    run 3 uid=bac22ec62a32 lat_p95=43.525378 cache_hit_rate=None error_rate=0 (64/720)
    run 4 uid=6edfac9c0033 lat_p95=44.027536299999994 cache_hit_rate=None error_rate=0 (65/720)
    run 5 uid=1878c7552739 lat_p95=43.170312 cache_hit_rate=None error_rate=0 (66/720)
    run 6 uid=77967287c209 lat_p95=44.347995 cache_hit_rate=None error_rate=0 (67/720)
    run 7 uid=9673cc59976e lat_p95=43.10936845 cache_hit_rate=None error_rate=0 (68/720)
    run 8 uid=5d199c38edd2 lat_p95=43.45451715 cache_hit_rate=None error_rate=0 (69/720)
    run 9 uid=4d04a00af657 lat_p95=44.458475 cache_hit_rate=None error_rate=0 (70/720)
    run 10 uid=b9d9146a8783 lat_p95=42.652075 cache_hit_rate=None error_rate=0 (71/720)
    run 11 uid=842b41744cd3 lat_p95=43.661007 cache_hit_rate=None error_rate=0 (72/720)
    run 12 uid=1c4411d0a490 lat_p95=43.1166116 cache_hit_rate=None error_rate=0 (73/720)
    run 13 uid=33bc6d681155 lat_p95=44.09092145 cache_hit_rate=None error_rate=0 (74/720)
    run 14 uid=dd3fc381f621 lat_p95=43.26073 cache_hit_rate=None error_rate=0 (75/720)
    run 15 uid=cdffa0e21fd2 lat_p95=43.271641849999995 cache_hit_rate=None error_rate=0 (76/720)
    run 16 uid=38a3fdf3c105 lat_p95=44.17340565 cache_hit_rate=None error_rate=0 (77/720)
    run 17 uid=8d4a01e5c9fe lat_p95=42.12610635 cache_hit_rate=None error_rate=0 (78/720)
    run 18 uid=fbb141065407 lat_p95=43.31673154999999 cache_hit_rate=None error_rate=0 (79/720)
    run 19 uid=9153bb2b345e lat_p95=43.158093199999996 cache_hit_rate=None error_rate=0 (80/720)
    run 20 uid=28fdb5c50c2a lat_p95=43.686345 cache_hit_rate=None error_rate=0 (81/720)
    run 21 uid=a144af7e7cc9 lat_p95=43.657061 cache_hit_rate=None error_rate=0 (82/720)
    run 22 uid=f7a1c2d8116e lat_p95=43.430115199999996 cache_hit_rate=None error_rate=0 (83/720)
    run 23 uid=5af89a34f2c1 lat_p95=44.728979 cache_hit_rate=None error_rate=0 (84/720)
    run 24 uid=0adb12ce6b48 lat_p95=42.905682 cache_hit_rate=None error_rate=0 (85/720)
    run 25 uid=1264149ec9c6 lat_p95=44.81169 cache_hit_rate=None error_rate=0 (86/720)
    run 26 uid=7961a1366dcc lat_p95=43.758202849999996 cache_hit_rate=None error_rate=0 (87/720)
    run 27 uid=ba5a7d259cb2 lat_p95=43.854854 cache_hit_rate=None error_rate=0 (88/720)
    run 28 uid=19a7f3e5abbc lat_p95=44.71925 cache_hit_rate=None error_rate=0 (89/720)
    run 29 uid=72860f2e9d2a lat_p95=43.0874372 cache_hit_rate=None error_rate=0 (90/720)
  [block B0023] graphql/caching=off/uniform/entropy=medium/heavy/constrained/density=medium/vus=10/page_size=0 -- warmup x1
  [block B0023] measured runs remaining: 30/30
    run 0 uid=1c83e005fb81 lat_p95=42.71942984999999 cache_hit_rate=None error_rate=0 (91/720)
    run 1 uid=612b5434cc3c lat_p95=42.958024949999995 cache_hit_rate=None error_rate=0 (92/720)
    run 2 uid=cee27a9f1447 lat_p95=42.370442 cache_hit_rate=None error_rate=0 (93/720)
    run 3 uid=83fb34b84e84 lat_p95=42.50062004999999 cache_hit_rate=None error_rate=0 (94/720)
    run 4 uid=202e7c13b856 lat_p95=42.685905 cache_hit_rate=None error_rate=0 (95/720)
    run 5 uid=26f430421afb lat_p95=41.981147 cache_hit_rate=None error_rate=0 (96/720)
    run 6 uid=903c8aa4b5dc lat_p95=42.038615 cache_hit_rate=None error_rate=0 (97/720)
    run 7 uid=862b6bb99c81 lat_p95=42.719089 cache_hit_rate=None error_rate=0 (98/720)
    run 8 uid=8c7645c076a5 lat_p95=42.65564 cache_hit_rate=None error_rate=0 (99/720)
    run 9 uid=887fb981f7c7 lat_p95=42.955956 cache_hit_rate=None error_rate=0 (100/720)
    run 10 uid=fd03d37972f9 lat_p95=43.294023 cache_hit_rate=None error_rate=0 (101/720)
    run 11 uid=e8d90d385749 lat_p95=42.824126 cache_hit_rate=None error_rate=0 (102/720)
    run 12 uid=726b75643012 lat_p95=42.857541399999995 cache_hit_rate=None error_rate=0 (103/720)
    run 13 uid=39c9c6c329ed lat_p95=42.408356899999994 cache_hit_rate=None error_rate=0 (104/720)
    run 14 uid=be6ed55cd4d5 lat_p95=42.289218 cache_hit_rate=None error_rate=0 (105/720)
    run 15 uid=473421878886 lat_p95=42.437283449999995 cache_hit_rate=None error_rate=0 (106/720)
    run 16 uid=8aae9b918e96 lat_p95=42.20677 cache_hit_rate=None error_rate=0 (107/720)
    run 17 uid=29615abbf8c2 lat_p95=42.602065 cache_hit_rate=None error_rate=0 (108/720)
    run 18 uid=35edcc1ef8ff lat_p95=41.641150599999996 cache_hit_rate=None error_rate=0 (109/720)
    run 19 uid=8a0c30b0e94c lat_p95=42.964361 cache_hit_rate=None error_rate=0 (110/720)
    run 20 uid=5f2e7cc91171 lat_p95=41.734552 cache_hit_rate=None error_rate=0 (111/720)
    run 21 uid=5d75496ecbdf lat_p95=43.26504575 cache_hit_rate=None error_rate=0 (112/720)
    run 22 uid=7670aa2a3b98 lat_p95=42.11499935 cache_hit_rate=None error_rate=0 (113/720)
    run 23 uid=09ddf4d9fa17 lat_p95=42.770644 cache_hit_rate=None error_rate=0 (114/720)
    run 24 uid=2e4844a21993 lat_p95=42.434476 cache_hit_rate=None error_rate=0 (115/720)
    run 25 uid=26eb549371fa lat_p95=42.591454 cache_hit_rate=None error_rate=0 (116/720)
    run 26 uid=f33c3547f8ab lat_p95=42.648947 cache_hit_rate=None error_rate=0 (117/720)
    run 27 uid=1749f59e55e7 lat_p95=43.08510355 cache_hit_rate=None error_rate=0 (118/720)
    run 28 uid=94e838102f2c lat_p95=42.5288 cache_hit_rate=None error_rate=0 (119/720)
    run 29 uid=b771e032ce8d lat_p95=43.040702849999995 cache_hit_rate=None error_rate=0 (120/720)
  [cache] start varnish
  [block B0013] graphql/caching=on/unique/entropy=medium/heavy/constrained/density=medium/vus=10/page_size=0 -- warmup x1
  [block B0013] measured runs remaining: 30/30
    run 0 uid=79122cd1ca39 lat_p95=44.46545 cache_hit_rate=0 error_rate=0 (121/720)
    run 1 uid=fa769bb7ce11 lat_p95=42.8339375 cache_hit_rate=0.0011111111111111111 error_rate=0 (122/720)
    run 2 uid=9145583b870d lat_p95=44.258784 cache_hit_rate=0 error_rate=0 (123/720)
    run 3 uid=98ce83e90d15 lat_p95=43.770843500000005 cache_hit_rate=0 error_rate=0 (124/720)
    run 4 uid=84a6de96abb6 lat_p95=43.81024695 cache_hit_rate=0 error_rate=0 (125/720)
    run 5 uid=761c308cdc0d lat_p95=43.677996 cache_hit_rate=0 error_rate=0 (126/720)
    run 6 uid=037fb0dc521d lat_p95=43.5305 cache_hit_rate=0 error_rate=0 (127/720)
    run 7 uid=046b23685722 lat_p95=43.68834339999999 cache_hit_rate=0 error_rate=0 (128/720)
    run 8 uid=37a7fb1d51e4 lat_p95=43.3807428 cache_hit_rate=0 error_rate=0 (129/720)
    run 9 uid=2267f129981f lat_p95=43.8066653 cache_hit_rate=0 error_rate=0 (130/720)
    run 10 uid=d366fea1db4a lat_p95=43.279512 cache_hit_rate=0 error_rate=0 (131/720)
    run 11 uid=bc1ffa0fed3f lat_p95=44.112528399999995 cache_hit_rate=0.0011111111111111111 error_rate=0 (132/720)
    run 12 uid=63c500ee3fde lat_p95=43.351142 cache_hit_rate=0 error_rate=0 (133/720)
    run 13 uid=b869f6d7b8bd lat_p95=43.85656 cache_hit_rate=0 error_rate=0 (134/720)
    run 14 uid=03a7bdb33d04 lat_p95=42.948106599999996 cache_hit_rate=0 error_rate=0 (135/720)
    run 15 uid=c25d92efc201 lat_p95=43.94240114999999 cache_hit_rate=0 error_rate=0 (136/720)
    run 16 uid=5b41791dcc74 lat_p95=44.047496 cache_hit_rate=0 error_rate=0 (137/720)
    run 17 uid=11dc2aeb9a7f lat_p95=44.847472999999994 cache_hit_rate=0.0011111111111111111 error_rate=0 (138/720)
    run 18 uid=3d19f25102ab lat_p95=43.928323 cache_hit_rate=0 error_rate=0 (139/720)
    run 19 uid=106139ef6767 lat_p95=43.101135 cache_hit_rate=0 error_rate=0 (140/720)
    run 20 uid=15b05bd80d5b lat_p95=44.58068 cache_hit_rate=0 error_rate=0 (141/720)
    run 21 uid=467c0f263238 lat_p95=43.16598 cache_hit_rate=0.0011098779134295228 error_rate=0 (142/720)
    run 22 uid=6658d079d8fc lat_p95=43.524752 cache_hit_rate=0 error_rate=0 (143/720)
    run 23 uid=a8e4b7bf8fd4 lat_p95=42.717981 cache_hit_rate=0.0011098779134295228 error_rate=0 (144/720)
    run 24 uid=d0e0a2be88bd lat_p95=43.391209 cache_hit_rate=0 error_rate=0 (145/720)
    run 25 uid=b3ba5b661869 lat_p95=43.625316 cache_hit_rate=0 error_rate=0 (146/720)
    run 26 uid=49309907ac88 lat_p95=43.541238 cache_hit_rate=0 error_rate=0 (147/720)
    run 27 uid=4515daa62519 lat_p95=43.619024 cache_hit_rate=0 error_rate=0 (148/720)
    run 28 uid=77d1b9001f6e lat_p95=44.014976399999995 cache_hit_rate=0.0011111111111111111 error_rate=0 (149/720)
    run 29 uid=d8e23b1f15ca lat_p95=43.95002045 cache_hit_rate=0 error_rate=0 (150/720)
  [server] stop graphql
  [server] start rest (backend=sqlite)
  [cache] stop varnish
  [block B0010] rest/caching=off/uniform/entropy=medium/light/constrained/density=medium/vus=10/page_size=0 -- warmup x1
  [block B0010] measured runs remaining: 30/30
    run 0 uid=9a23f87e8def lat_p95=36.591864 cache_hit_rate=None error_rate=0 (151/720)
    run 1 uid=f08fb7600716 lat_p95=36.298061 cache_hit_rate=None error_rate=0 (152/720)
    run 2 uid=f5916de0ec49 lat_p95=36.315767 cache_hit_rate=None error_rate=0 (153/720)
    run 3 uid=a6bb0ac8ee46 lat_p95=36.439021 cache_hit_rate=None error_rate=0 (154/720)
    run 4 uid=3c7610a5d084 lat_p95=36.538889 cache_hit_rate=None error_rate=0 (155/720)
    run 5 uid=cd013775bb89 lat_p95=37.118929 cache_hit_rate=None error_rate=0 (156/720)
    run 6 uid=1b4b6f8851ca lat_p95=36.821139 cache_hit_rate=None error_rate=0 (157/720)
    run 7 uid=164ff36ae330 lat_p95=37.1663223 cache_hit_rate=None error_rate=0 (158/720)
    run 8 uid=3d64e3d6dbaa lat_p95=35.939776 cache_hit_rate=None error_rate=0 (159/720)
    run 9 uid=09c3adceee15 lat_p95=36.02068 cache_hit_rate=None error_rate=0 (160/720)
    run 10 uid=19ad44468cb8 lat_p95=36.679428 cache_hit_rate=None error_rate=0 (161/720)
    run 11 uid=a7e710d13101 lat_p95=35.8895 cache_hit_rate=None error_rate=0 (162/720)
    run 12 uid=316ec8ae735e lat_p95=36.746844 cache_hit_rate=None error_rate=0 (163/720)
    run 13 uid=604fc493b70e lat_p95=36.64639 cache_hit_rate=None error_rate=0 (164/720)
    run 14 uid=def196f59331 lat_p95=37.8115315 cache_hit_rate=None error_rate=0 (165/720)
    run 15 uid=0daf132dd7a0 lat_p95=37.081676 cache_hit_rate=None error_rate=0 (166/720)
    run 16 uid=4192e31c85d9 lat_p95=36.714402 cache_hit_rate=None error_rate=0 (167/720)
    run 17 uid=da6cd132ad23 lat_p95=36.489104 cache_hit_rate=None error_rate=0 (168/720)
    run 18 uid=55c2f18310ab lat_p95=36.200228 cache_hit_rate=None error_rate=0 (169/720)
    run 19 uid=c00a308e407a lat_p95=36.576466 cache_hit_rate=None error_rate=0 (170/720)
    run 20 uid=221cd65f2e1f lat_p95=36.594598 cache_hit_rate=None error_rate=0 (171/720)
    run 21 uid=5b69307a9b86 lat_p95=36.816618 cache_hit_rate=None error_rate=0 (172/720)
    run 22 uid=6aeebf661496 lat_p95=36.756636 cache_hit_rate=None error_rate=0 (173/720)
    run 23 uid=9a2c884983d5 lat_p95=36.541321 cache_hit_rate=None error_rate=0 (174/720)
    run 24 uid=ad6f92e32c8b lat_p95=36.039079 cache_hit_rate=None error_rate=0 (175/720)
    run 25 uid=e152e3bc1e3f lat_p95=36.9372608 cache_hit_rate=None error_rate=0 (176/720)
    run 26 uid=249f4e16bebd lat_p95=36.383025 cache_hit_rate=None error_rate=0 (177/720)
    run 27 uid=aec7ddfa96a7 lat_p95=36.149033 cache_hit_rate=None error_rate=0 (178/720)
    run 28 uid=7cf0cc10509a lat_p95=36.911858 cache_hit_rate=None error_rate=0 (179/720)
    run 29 uid=04b6b1f134a0 lat_p95=36.175725 cache_hit_rate=None error_rate=0 (180/720)
  [server] stop rest
  [server] start graphql (backend=sqlite)
  [cache] start varnish
  [block B0017] graphql/caching=on/uniform/entropy=medium/heavy/constrained/density=medium/vus=10/page_size=0 -- warmup x1
  [block B0017] measured runs remaining: 30/30
    run 0 uid=dd94d73cb105 lat_p95=43.6871952 cache_hit_rate=0.022222222222222223 error_rate=0 (181/720)
    run 1 uid=c4f229e73832 lat_p95=43.235988 cache_hit_rate=0.023307436182019976 error_rate=0 (182/720)
    run 2 uid=dbfbd1429f17 lat_p95=43.427064 cache_hit_rate=0.022197558268590455 error_rate=0 (183/720)
    run 3 uid=225dfd252fda lat_p95=43.3892532 cache_hit_rate=0.035555555555555556 error_rate=0 (184/720)
    run 4 uid=592735af3440 lat_p95=44.10553085 cache_hit_rate=0.021111111111111112 error_rate=0 (185/720)
    run 5 uid=520edec57e4b lat_p95=43.144578 cache_hit_rate=0.017758046614872364 error_rate=0 (186/720)
    run 6 uid=a68ecab4b189 lat_p95=44.122516 cache_hit_rate=0.022197558268590455 error_rate=0 (187/720)
    run 7 uid=67168fa2af7e lat_p95=44.437252 cache_hit_rate=0.023307436182019976 error_rate=0 (188/720)
    run 8 uid=ec4ec9386342 lat_p95=44.10105145 cache_hit_rate=0.021111111111111112 error_rate=0 (189/720)
    run 9 uid=59a3edeb4b08 lat_p95=44.595841 cache_hit_rate=0.014428412874583796 error_rate=0 (190/720)
    run 10 uid=fc4d2da37208 lat_p95=45.564308 cache_hit_rate=0.02774694783573807 error_rate=0 (191/720)
    run 11 uid=865023651b60 lat_p95=43.975457 cache_hit_rate=0.021087680355160933 error_rate=0 (192/720)
    run 12 uid=75b145f1fef9 lat_p95=44.3693665 cache_hit_rate=0.017777777777777778 error_rate=0 (193/720)
    run 13 uid=c90efe53390f lat_p95=43.865497 cache_hit_rate=0.016648168701442843 error_rate=0 (194/720)
    run 14 uid=49e52990ae37 lat_p95=43.540661 cache_hit_rate=0.033296337402885685 error_rate=0 (195/720)
    run 15 uid=e9f859d57a0f lat_p95=44.09610535 cache_hit_rate=0.03222222222222222 error_rate=0 (196/720)
    run 16 uid=1cc23f95dfbf lat_p95=44.340308 cache_hit_rate=0.029966703662597113 error_rate=0 (197/720)
    run 17 uid=4d82de059dd3 lat_p95=43.863522 cache_hit_rate=0.02774694783573807 error_rate=0 (198/720)
    run 18 uid=17365283973c lat_p95=43.93042935 cache_hit_rate=0.028888888888888888 error_rate=0 (199/720)
    run 19 uid=bd84e87d4eda lat_p95=43.964375 cache_hit_rate=0.023307436182019976 error_rate=0 (200/720)
    run 20 uid=170646ec4887 lat_p95=45.293242549999995 cache_hit_rate=0.03333333333333333 error_rate=0 (201/720)
    run 21 uid=26c893ab32b9 lat_p95=43.7138682 cache_hit_rate=0.015555555555555555 error_rate=0 (202/720)
    run 22 uid=6f11b0118293 lat_p95=44.16 cache_hit_rate=0.02774694783573807 error_rate=0 (203/720)
    run 23 uid=d0467c04f8f0 lat_p95=44.221005 cache_hit_rate=0.021087680355160933 error_rate=0 (204/720)
    run 24 uid=d37faeefcf38 lat_p95=44.104066 cache_hit_rate=0.03218645948945616 error_rate=0 (205/720)
    run 25 uid=51df9e554353 lat_p95=43.376764 cache_hit_rate=0.03107658157602664 error_rate=0 (206/720)
    run 26 uid=799d27ffa0b4 lat_p95=45.137744 cache_hit_rate=0.02774694783573807 error_rate=0 (207/720)
    run 27 uid=fb3ded1b6186 lat_p95=44.07604584999999 cache_hit_rate=0.028888888888888888 error_rate=0 (208/720)
    run 28 uid=9859abef37bb lat_p95=45.5034007 cache_hit_rate=0.023333333333333334 error_rate=0 (209/720)
    run 29 uid=b6e2c7b6d4e8 lat_p95=45.067905350000004 cache_hit_rate=0.027777777777777776 error_rate=0 (210/720)
  [server] stop graphql
  [server] start rest (backend=sqlite)
  [cache] stop varnish
  [block B0011] rest/caching=off/uniform/entropy=medium/heavy/constrained/density=medium/vus=10/page_size=0 -- warmup x1
  [block B0011] measured runs remaining: 30/30
    run 0 uid=ad857c657f7d lat_p95=36.4197815 cache_hit_rate=None error_rate=0 (211/720)
    run 1 uid=87768025460b lat_p95=36.320507 cache_hit_rate=None error_rate=0 (212/720)
    run 2 uid=4ffe728bd7ff lat_p95=36.001596 cache_hit_rate=None error_rate=0 (213/720)
    run 3 uid=f60952691373 lat_p95=35.704344 cache_hit_rate=None error_rate=0 (214/720)
    run 4 uid=84115e0c9d9c lat_p95=35.822463449999994 cache_hit_rate=None error_rate=0 (215/720)
    run 5 uid=cfa2663fdc06 lat_p95=36.351056 cache_hit_rate=None error_rate=0 (216/720)
    run 6 uid=90f0bd5d0651 lat_p95=36.336885 cache_hit_rate=None error_rate=0 (217/720)
    run 7 uid=45708d92cf48 lat_p95=35.5744561 cache_hit_rate=None error_rate=0 (218/720)
    run 8 uid=012e304915de lat_p95=36.132954 cache_hit_rate=None error_rate=0 (219/720)
    run 9 uid=f6a5087d8514 lat_p95=36.163463 cache_hit_rate=None error_rate=0 (220/720)
    run 10 uid=e1ccb3db1e79 lat_p95=36.103390899999994 cache_hit_rate=None error_rate=0 (221/720)
    run 11 uid=b8892a4bc3c9 lat_p95=36.295679449999994 cache_hit_rate=None error_rate=0 (222/720)
    run 12 uid=268132736be6 lat_p95=35.786231449999995 cache_hit_rate=None error_rate=0 (223/720)
    run 13 uid=1821a4826b42 lat_p95=36.23538 cache_hit_rate=None error_rate=0 (224/720)
    run 14 uid=7a31791bc4da lat_p95=36.12602 cache_hit_rate=None error_rate=0 (225/720)
    run 15 uid=8ad54969ad92 lat_p95=36.274829 cache_hit_rate=None error_rate=0 (226/720)
    run 16 uid=9c26c3d143c9 lat_p95=36.565228 cache_hit_rate=None error_rate=0 (227/720)
    run 17 uid=13d305136ec4 lat_p95=36.58890994999999 cache_hit_rate=None error_rate=0 (228/720)
    run 18 uid=49e846a7d5b6 lat_p95=36.623566 cache_hit_rate=None error_rate=0 (229/720)
    run 19 uid=9def037b0d2e lat_p95=36.709026 cache_hit_rate=None error_rate=0 (230/720)
    run 20 uid=617c08a4b61a lat_p95=36.0764225 cache_hit_rate=None error_rate=0 (231/720)
    run 21 uid=7f583dcaaecd lat_p95=36.775974 cache_hit_rate=None error_rate=0 (232/720)
    run 22 uid=1013d467934e lat_p95=36.840514 cache_hit_rate=None error_rate=0 (233/720)
    run 23 uid=48f3b94eff90 lat_p95=36.215018 cache_hit_rate=None error_rate=0 (234/720)
    run 24 uid=e70f47465f26 lat_p95=36.199359 cache_hit_rate=None error_rate=0 (235/720)
    run 25 uid=f51f83c39259 lat_p95=35.74927 cache_hit_rate=None error_rate=0 (236/720)
    run 26 uid=5239df840d45 lat_p95=36.161947 cache_hit_rate=None error_rate=0 (237/720)
    run 27 uid=68dada828803 lat_p95=36.351748349999994 cache_hit_rate=None error_rate=0 (238/720)
    run 28 uid=93cb5c6f1cd0 lat_p95=36.339628 cache_hit_rate=None error_rate=0 (239/720)
    run 29 uid=f26684240d68 lat_p95=36.17562 cache_hit_rate=None error_rate=0 (240/720)
  [server] stop rest
  [server] start graphql (backend=sqlite)
  [cache] start varnish
  [block B0014] graphql/caching=on/zipfian/entropy=medium/light/constrained/density=medium/vus=10/page_size=0 -- warmup x1
  [block B0014] measured runs remaining: 30/30
    run 0 uid=b3eba170780d lat_p95=43.764481 cache_hit_rate=0.41287458379578246 error_rate=0 (241/720)
    run 1 uid=762b13415a8b lat_p95=44.22113184999999 cache_hit_rate=0.3977777777777778 error_rate=0 (242/720)
    run 2 uid=369e21dc7c5f lat_p95=43.898708 cache_hit_rate=0.40066592674805773 error_rate=0 (243/720)
    run 3 uid=e38a30a02050 lat_p95=43.977412 cache_hit_rate=0.40732519422863483 error_rate=0 (244/720)
    run 4 uid=d870e304eda4 lat_p95=44.119715 cache_hit_rate=0.42 error_rate=0 (245/720)
    run 5 uid=4a15e6cb89ec lat_p95=44.36472 cache_hit_rate=0.41065482796892344 error_rate=0 (246/720)
    run 6 uid=cf3ecabb22c4 lat_p95=43.069842 cache_hit_rate=0.4261931187569367 error_rate=0 (247/720)
    run 7 uid=c0be436af886 lat_p95=44.34802695 cache_hit_rate=0.41888888888888887 error_rate=0 (248/720)
    run 8 uid=515a41ea26fe lat_p95=43.35537299999999 cache_hit_rate=0.42777777777777776 error_rate=0 (249/720)
    run 9 uid=fc45d61c1d7e lat_p95=42.55141275 cache_hit_rate=0.4211111111111111 error_rate=0 (250/720)
    run 10 uid=4a232420d401 lat_p95=44.178015249999994 cache_hit_rate=0.42777777777777776 error_rate=0 (251/720)
    run 11 uid=a9ca0f86651d lat_p95=42.636449 cache_hit_rate=0.39622641509433965 error_rate=0 (252/720)
    run 12 uid=a91986c79afb lat_p95=42.7440819 cache_hit_rate=0.41444444444444445 error_rate=0 (253/720)
    run 13 uid=7cf04857fa96 lat_p95=42.597698 cache_hit_rate=0.4328523862375139 error_rate=0 (254/720)
    run 14 uid=6f07a65951b3 lat_p95=43.107229 cache_hit_rate=0.39289678135405104 error_rate=0 (255/720)
    run 15 uid=a7cbcf735360 lat_p95=42.958434 cache_hit_rate=0.40288568257491675 error_rate=0 (256/720)
    run 16 uid=60ee6ae61be2 lat_p95=43.08978045 cache_hit_rate=0.4288888888888889 error_rate=0 (257/720)
    run 17 uid=ff53af5aac1a lat_p95=43.1884885 cache_hit_rate=0.39111111111111113 error_rate=0 (258/720)
    run 18 uid=0887bfc1ef01 lat_p95=43.89829415 cache_hit_rate=0.4177777777777778 error_rate=0 (259/720)
    run 19 uid=ebe964c46a57 lat_p95=43.236157 cache_hit_rate=0.4117647058823529 error_rate=0 (260/720)
    run 20 uid=7d818d5ebebf lat_p95=43.039656 cache_hit_rate=0.42064372918978915 error_rate=0 (261/720)
    run 21 uid=2399cf8fa57b lat_p95=43.41675184999999 cache_hit_rate=0.45222222222222225 error_rate=0 (262/720)
    run 22 uid=059d6b69faac lat_p95=42.9041721 cache_hit_rate=0.43 error_rate=0 (263/720)
    run 23 uid=20e7b88aadd9 lat_p95=43.23393229999999 cache_hit_rate=0.4411111111111111 error_rate=0 (264/720)
    run 24 uid=8d18039c09ae lat_p95=42.777199 cache_hit_rate=0.4284128745837958 error_rate=0 (265/720)
    run 25 uid=cdbc7a869bee lat_p95=43.264765 cache_hit_rate=0.4306326304106548 error_rate=0 (266/720)
    run 26 uid=6f33c5777b7e lat_p95=42.437321 cache_hit_rate=0.40621531631520535 error_rate=0 (267/720)
    run 27 uid=f8ba3a1a9348 lat_p95=43.685995 cache_hit_rate=0.41509433962264153 error_rate=0 (268/720)
    run 28 uid=3b2e36de9408 lat_p95=43.284593 cache_hit_rate=0.43507214206437295 error_rate=0 (269/720)
    run 29 uid=13b0cd8213a7 lat_p95=43.956736549999995 cache_hit_rate=0.43333333333333335 error_rate=0 (270/720)
  [block B0016] graphql/caching=on/uniform/entropy=medium/light/constrained/density=medium/vus=10/page_size=0 -- warmup x1
  [block B0016] measured runs remaining: 30/30
    run 0 uid=1dcf500ac4fe lat_p95=45.640647 cache_hit_rate=0.049944506104328525 error_rate=0 (271/720)
    run 1 uid=c2be40f3219c lat_p95=44.30148284999999 cache_hit_rate=0.06444444444444444 error_rate=0 (272/720)
    run 2 uid=d53832bfa5ca lat_p95=45.781907 cache_hit_rate=0.06326304106548279 error_rate=0 (273/720)
    run 3 uid=66aa630e8a47 lat_p95=44.207524 cache_hit_rate=0.06992230854605994 error_rate=0 (274/720)
    run 4 uid=c43dd4d4e9c9 lat_p95=44.17036 cache_hit_rate=0.0732519422863485 error_rate=0 (275/720)
    run 5 uid=45b20bb81617 lat_p95=44.972045 cache_hit_rate=0.06992230854605994 error_rate=0 (276/720)
    run 6 uid=52aecd489a7c lat_p95=44.1952005 cache_hit_rate=0.06555555555555556 error_rate=0 (277/720)
    run 7 uid=e99d8d2f106b lat_p95=45.142247 cache_hit_rate=0.05660377358490566 error_rate=0 (278/720)
    run 8 uid=ea6b69065bf1 lat_p95=44.227040499999994 cache_hit_rate=0.05444444444444444 error_rate=0 (279/720)
    run 9 uid=23170960dd3a lat_p95=45.051122 cache_hit_rate=0.06326304106548279 error_rate=0 (280/720)
    run 10 uid=230e6bd0528a lat_p95=44.8762729 cache_hit_rate=0.07 error_rate=0 (281/720)
    run 11 uid=6f5d6ec00243 lat_p95=44.19309 cache_hit_rate=0.05438401775804662 error_rate=0 (282/720)
    run 12 uid=4f1e3a7d6c45 lat_p95=44.171496 cache_hit_rate=0.06770255271920089 error_rate=0 (283/720)
    run 13 uid=303888937edb lat_p95=45.103141 cache_hit_rate=0.05993340732519423 error_rate=0 (284/720)
    run 14 uid=96a1b6650ba3 lat_p95=44.380852 cache_hit_rate=0.05438401775804662 error_rate=0 (285/720)
    run 15 uid=fc6d29bf2d34 lat_p95=43.828796 cache_hit_rate=0.06992230854605994 error_rate=0 (286/720)
    run 16 uid=bf01a35d6be2 lat_p95=44.0401536 cache_hit_rate=0.07444444444444444 error_rate=0 (287/720)
    run 17 uid=9bd3598bf60d lat_p95=44.9420106 cache_hit_rate=0.04888888888888889 error_rate=0 (288/720)
    run 18 uid=a5eac1425081 lat_p95=44.413321 cache_hit_rate=0.06992230854605994 error_rate=0 (289/720)
    run 19 uid=34c5b08c0da2 lat_p95=44.913381 cache_hit_rate=0.06659267480577137 error_rate=0 (290/720)
    run 20 uid=30d274bc358b lat_p95=44.8381503 cache_hit_rate=0.05555555555555555 error_rate=0 (291/720)
    run 21 uid=cef0696de21d lat_p95=44.556145 cache_hit_rate=0.05549389567147614 error_rate=0 (292/720)
    run 22 uid=6670f2180934 lat_p95=44.122385 cache_hit_rate=0.05771365149833518 error_rate=0 (293/720)
    run 23 uid=cd34a6d8b341 lat_p95=44.724002 cache_hit_rate=0.06104328523862375 error_rate=0 (294/720)
    run 24 uid=b41b9484a4b3 lat_p95=44.6798397 cache_hit_rate=0.06222222222222222 error_rate=0 (295/720)
    run 25 uid=bc7b005b85f1 lat_p95=43.576267049999984 cache_hit_rate=0.05333333333333334 error_rate=0 (296/720)
    run 26 uid=81d29b68573b lat_p95=44.102143 cache_hit_rate=0.05993340732519423 error_rate=0 (297/720)
    run 27 uid=abe1eabe6cf9 lat_p95=44.336327 cache_hit_rate=0.05438401775804662 error_rate=0 (298/720)
    run 28 uid=f1813f59e4f0 lat_p95=44.464376 cache_hit_rate=0.06659267480577137 error_rate=0 (299/720)
    run 29 uid=97490cea2476 lat_p95=45.717545 cache_hit_rate=0.051054384017758046 error_rate=0 (300/720)
  [server] stop graphql
  [server] start rest (backend=sqlite)
  [block B0001] rest/caching=on/unique/entropy=medium/heavy/constrained/density=medium/vus=10/page_size=0 -- warmup x1
  [block B0001] measured runs remaining: 30/30
    run 0 uid=f881bf11ea97 lat_p95=37.727985 cache_hit_rate=0 error_rate=0 (301/720)
    run 1 uid=ea47e42d4d42 lat_p95=37.12072979999999 cache_hit_rate=0 error_rate=0 (302/720)
    run 2 uid=a3d416fd1b85 lat_p95=36.967582 cache_hit_rate=0 error_rate=0 (303/720)
    run 3 uid=c097ff160cff lat_p95=37.155339 cache_hit_rate=0 error_rate=0 (304/720)
    run 4 uid=9e518187f551 lat_p95=37.364255 cache_hit_rate=0 error_rate=0 (305/720)
    run 5 uid=adf221b68397 lat_p95=36.788328 cache_hit_rate=0.0011098779134295228 error_rate=0 (306/720)
    run 6 uid=fae23557d737 lat_p95=37.059582 cache_hit_rate=0.0011098779134295228 error_rate=0 (307/720)
    run 7 uid=002742aaa1d1 lat_p95=36.82656255 cache_hit_rate=0.0011111111111111111 error_rate=0 (308/720)
    run 8 uid=d87b36d126bc lat_p95=37.62233665 cache_hit_rate=0 error_rate=0 (309/720)
    run 9 uid=9e1c3781c10e lat_p95=36.8418984 cache_hit_rate=0 error_rate=0 (310/720)
    run 10 uid=9e72502b8c92 lat_p95=36.913423 cache_hit_rate=0 error_rate=0 (311/720)
    run 11 uid=19c8cbb5ff12 lat_p95=36.594945 cache_hit_rate=0 error_rate=0 (312/720)
    run 12 uid=d394a5a35787 lat_p95=37.078429 cache_hit_rate=0.0011098779134295228 error_rate=0 (313/720)
    run 13 uid=4b7baf33d2a6 lat_p95=37.1764606 cache_hit_rate=0 error_rate=0 (314/720)
    run 14 uid=f966cbf994e4 lat_p95=36.850778 cache_hit_rate=0 error_rate=0 (315/720)
    run 15 uid=b11712258e7b lat_p95=37.407164949999995 cache_hit_rate=0 error_rate=0 (316/720)
    run 16 uid=4fb26ec6c393 lat_p95=36.605696 cache_hit_rate=0 error_rate=0 (317/720)
    run 17 uid=bf75a762a0cd lat_p95=37.099245 cache_hit_rate=0 error_rate=0 (318/720)
    run 18 uid=a724abc56358 lat_p95=36.908378 cache_hit_rate=0 error_rate=0 (319/720)
    run 19 uid=f3d9235dbcd8 lat_p95=36.904819 cache_hit_rate=0 error_rate=0 (320/720)
    run 20 uid=8b4d7dc1ea8d lat_p95=36.942683599999995 cache_hit_rate=0 error_rate=0 (321/720)
    run 21 uid=7ba207ab25fe lat_p95=37.24529 cache_hit_rate=0 error_rate=0 (322/720)
    run 22 uid=2558cd2f9f9e lat_p95=36.879723 cache_hit_rate=0 error_rate=0 (323/720)
    run 23 uid=f8b880946f9e lat_p95=36.9017 cache_hit_rate=0 error_rate=0 (324/720)
    run 24 uid=42367e571855 lat_p95=37.747462 cache_hit_rate=0 error_rate=0 (325/720)
    run 25 uid=71ff9fdc60cb lat_p95=37.325753 cache_hit_rate=0.0011098779134295228 error_rate=0 (326/720)
    run 26 uid=cdcdf428de77 lat_p95=36.816875 cache_hit_rate=0 error_rate=0 (327/720)
    run 27 uid=217ae98fc7b2 lat_p95=36.525425 cache_hit_rate=0 error_rate=0 (328/720)
    run 28 uid=dce2f00ec66e lat_p95=38.189401 cache_hit_rate=0 error_rate=0 (329/720)
    run 29 uid=3c98547bc583 lat_p95=36.760954399999996 cache_hit_rate=0.0011111111111111111 error_rate=0 (330/720)
  [server] stop rest
  [server] start graphql (backend=sqlite)
  [block B0012] graphql/caching=on/unique/entropy=medium/light/constrained/density=medium/vus=10/page_size=0 -- warmup x1
  [block B0012] measured runs remaining: 30/30
    run 0 uid=afd303981594 lat_p95=43.464176200000004 cache_hit_rate=0 error_rate=0 (331/720)
    run 1 uid=e4e485201761 lat_p95=45.499362 cache_hit_rate=0 error_rate=0 (332/720)
    run 2 uid=0554e3cc18f4 lat_p95=44.656619 cache_hit_rate=0 error_rate=0 (333/720)
    run 3 uid=4727f736e587 lat_p95=43.68274845 cache_hit_rate=0 error_rate=0 (334/720)
    run 4 uid=fb87ee662207 lat_p95=45.167392 cache_hit_rate=0 error_rate=0 (335/720)
    run 5 uid=b781416d5802 lat_p95=44.14174044999999 cache_hit_rate=0 error_rate=0 (336/720)
    run 6 uid=a5ade33263a3 lat_p95=45.39372295 cache_hit_rate=0 error_rate=0 (337/720)
    run 7 uid=06bcb1d46d80 lat_p95=44.328953 cache_hit_rate=0 error_rate=0 (338/720)
    run 8 uid=108ef889bcf0 lat_p95=44.660009 cache_hit_rate=0 error_rate=0 (339/720)
    run 9 uid=b5fb76ab2ffc lat_p95=44.959267 cache_hit_rate=0 error_rate=0 (340/720)
    run 10 uid=a443eb7dd021 lat_p95=44.145811 cache_hit_rate=0 error_rate=0 (341/720)
    run 11 uid=4c8654ea8d6b lat_p95=45.60413705 cache_hit_rate=0 error_rate=0 (342/720)
    run 12 uid=070a49df608b lat_p95=43.817375950000006 cache_hit_rate=0 error_rate=0 (343/720)
    run 13 uid=24b0b8077e0c lat_p95=45.454823499999996 cache_hit_rate=0 error_rate=0 (344/720)
    run 14 uid=a426ab94fece lat_p95=44.967128 cache_hit_rate=0 error_rate=0 (345/720)
    run 15 uid=3b945080b278 lat_p95=44.514015 cache_hit_rate=0 error_rate=0 (346/720)
    run 16 uid=0c9477b5124a lat_p95=45.541278549999994 cache_hit_rate=0 error_rate=0 (347/720)
    run 17 uid=cdf4275914aa lat_p95=44.189438 cache_hit_rate=0 error_rate=0 (348/720)
    run 18 uid=cc44c5de3678 lat_p95=45.839343 cache_hit_rate=0 error_rate=0 (349/720)
    run 19 uid=402bd11bd494 lat_p95=44.09446 cache_hit_rate=0.0011098779134295228 error_rate=0 (350/720)
    run 20 uid=2e47ead7716a lat_p95=44.935189 cache_hit_rate=0 error_rate=0 (351/720)
    run 21 uid=0d30d8628a78 lat_p95=45.903705849999994 cache_hit_rate=0 error_rate=0 (352/720)
    run 22 uid=9f0bbdec4ff8 lat_p95=44.14341 cache_hit_rate=0 error_rate=0 (353/720)
    run 23 uid=450cf755af58 lat_p95=45.675948 cache_hit_rate=0 error_rate=0 (354/720)
    run 24 uid=aa86d080abe7 lat_p95=44.64327 cache_hit_rate=0 error_rate=0 (355/720)
    run 25 uid=bb86aa6c6669 lat_p95=48.801293 cache_hit_rate=0 error_rate=0 (356/720)
    run 26 uid=b53d1e1d3cbd lat_p95=45.543744 cache_hit_rate=0.0011098779134295228 error_rate=0 (357/720)
    run 27 uid=e476e1dddbc1 lat_p95=44.57516249999999 cache_hit_rate=0.0011111111111111111 error_rate=0 (358/720)
    run 28 uid=50724ab54a88 lat_p95=45.37411415 cache_hit_rate=0 error_rate=0 (359/720)
    run 29 uid=785d228a4bde lat_p95=44.9643271 cache_hit_rate=0 error_rate=0 (360/720)
  [cache] stop varnish
  [block B0021] graphql/caching=off/zipfian/entropy=medium/heavy/constrained/density=medium/vus=10/page_size=0 -- warmup x1
  [block B0021] measured runs remaining: 30/30
    run 0 uid=f6a09bfbc3eb lat_p95=43.538347 cache_hit_rate=None error_rate=0 (361/720)
    run 1 uid=8c872af4b433 lat_p95=43.158333 cache_hit_rate=None error_rate=0 (362/720)
    run 2 uid=eb6999e35967 lat_p95=43.115127 cache_hit_rate=None error_rate=0 (363/720)
    run 3 uid=4e67c872aba0 lat_p95=43.313232 cache_hit_rate=None error_rate=0 (364/720)
    run 4 uid=49a498244536 lat_p95=43.311973949999995 cache_hit_rate=None error_rate=0 (365/720)
    run 5 uid=186aac74ca61 lat_p95=44.07095394999999 cache_hit_rate=None error_rate=0 (366/720)
    run 6 uid=269d728be337 lat_p95=43.967878 cache_hit_rate=None error_rate=0 (367/720)
    run 7 uid=a8d779733dd1 lat_p95=44.695137 cache_hit_rate=None error_rate=0 (368/720)
    run 8 uid=47d54dfee3f8 lat_p95=45.338819 cache_hit_rate=None error_rate=0 (369/720)
    run 9 uid=addcd025d507 lat_p95=43.722903 cache_hit_rate=None error_rate=0 (370/720)
    run 10 uid=3473242eaaf2 lat_p95=42.7969275 cache_hit_rate=None error_rate=0 (371/720)
    run 11 uid=e0ec59dfd93b lat_p95=44.29720304999999 cache_hit_rate=None error_rate=0 (372/720)
    run 12 uid=c754a9aa32fc lat_p95=42.46652775 cache_hit_rate=None error_rate=0 (373/720)
    run 13 uid=72a7911ee851 lat_p95=42.368845 cache_hit_rate=None error_rate=0 (374/720)
    run 14 uid=9b0937dbc1bd lat_p95=42.84936909999999 cache_hit_rate=None error_rate=0 (375/720)
    run 15 uid=ad46b9d57168 lat_p95=43.54658894999999 cache_hit_rate=None error_rate=0 (376/720)
    run 16 uid=ca4d17d0b61b lat_p95=43.521047 cache_hit_rate=None error_rate=0 (377/720)
    run 17 uid=b3e16f06edd9 lat_p95=42.749431 cache_hit_rate=None error_rate=0 (378/720)
    run 18 uid=b684ef197976 lat_p95=42.360939349999995 cache_hit_rate=None error_rate=0 (379/720)
    run 19 uid=ccf7845b7aeb lat_p95=43.673221649999995 cache_hit_rate=None error_rate=0 (380/720)
    run 20 uid=2f5fad9f1f2a lat_p95=43.237919999999995 cache_hit_rate=None error_rate=0 (381/720)
    run 21 uid=4de4a889fe19 lat_p95=43.53661155 cache_hit_rate=None error_rate=0 (382/720)
    run 22 uid=efc1fe799252 lat_p95=42.8844375 cache_hit_rate=None error_rate=0 (383/720)
    run 23 uid=a3f03029d7af lat_p95=43.268798 cache_hit_rate=None error_rate=0 (384/720)
    run 24 uid=c546da090c71 lat_p95=43.20857795 cache_hit_rate=None error_rate=0 (385/720)
    run 25 uid=33518e4e1e7d lat_p95=42.61323745 cache_hit_rate=None error_rate=0 (386/720)
    run 26 uid=ec97f563b394 lat_p95=43.263846 cache_hit_rate=None error_rate=0 (387/720)
    run 27 uid=221f66cf5348 lat_p95=42.159092 cache_hit_rate=None error_rate=0 (388/720)
    run 28 uid=6d67e50f45b9 lat_p95=42.847361 cache_hit_rate=None error_rate=0 (389/720)
    run 29 uid=a6383c3086e7 lat_p95=42.4970487 cache_hit_rate=None error_rate=0 (390/720)
  [server] stop graphql
  [server] start rest (backend=sqlite)
  [block B0006] rest/caching=off/unique/entropy=medium/light/constrained/density=medium/vus=10/page_size=0 -- warmup x1
  [block B0006] measured runs remaining: 30/30
    run 0 uid=000211685337 lat_p95=36.42548 cache_hit_rate=None error_rate=0 (391/720)
    run 1 uid=0417572116b3 lat_p95=35.798095 cache_hit_rate=None error_rate=0 (392/720)
    run 2 uid=35bd2906a583 lat_p95=37.2858085 cache_hit_rate=None error_rate=0 (393/720)
    run 3 uid=46309eba51b1 lat_p95=36.416999 cache_hit_rate=None error_rate=0 (394/720)
    run 4 uid=65621b4bd079 lat_p95=36.6707542 cache_hit_rate=None error_rate=0 (395/720)
    run 5 uid=53ae85cf34b5 lat_p95=36.358958 cache_hit_rate=None error_rate=0 (396/720)
    run 6 uid=539db211a6f5 lat_p95=37.23006305 cache_hit_rate=None error_rate=0 (397/720)
    run 7 uid=f7271feec117 lat_p95=36.211738 cache_hit_rate=None error_rate=0 (398/720)
    run 8 uid=eb46538dc47b lat_p95=36.34202139999999 cache_hit_rate=None error_rate=0 (399/720)
    run 9 uid=b1bdee2736f6 lat_p95=36.87532805 cache_hit_rate=None error_rate=0 (400/720)
    run 10 uid=e6ed65e00e58 lat_p95=36.292812 cache_hit_rate=None error_rate=0 (401/720)
    run 11 uid=2e679be1205f lat_p95=36.400239 cache_hit_rate=None error_rate=0 (402/720)
    run 12 uid=2e067320d55c lat_p95=36.513272 cache_hit_rate=None error_rate=0 (403/720)
    run 13 uid=210539cd66cb lat_p95=36.486397 cache_hit_rate=None error_rate=0 (404/720)
    run 14 uid=6ee207276bce lat_p95=36.892373 cache_hit_rate=None error_rate=0 (405/720)
    run 15 uid=5d4d08c54e29 lat_p95=37.49425 cache_hit_rate=None error_rate=0 (406/720)
    run 16 uid=5d04ee0cd0be lat_p95=36.939651 cache_hit_rate=None error_rate=0 (407/720)
    run 17 uid=242ac95cabf7 lat_p95=36.439864 cache_hit_rate=None error_rate=0 (408/720)
    run 18 uid=63686c6fe27b lat_p95=36.173754 cache_hit_rate=None error_rate=0 (409/720)
    run 19 uid=0b1aab466ff2 lat_p95=36.133654 cache_hit_rate=None error_rate=0 (410/720)
    run 20 uid=44a04b613187 lat_p95=36.297532 cache_hit_rate=None error_rate=0 (411/720)
    run 21 uid=368e88364900 lat_p95=36.043809 cache_hit_rate=None error_rate=0 (412/720)
    run 22 uid=fb47fd6553d6 lat_p95=37.490471 cache_hit_rate=None error_rate=0 (413/720)
    run 23 uid=9c317d3e7954 lat_p95=36.93886 cache_hit_rate=None error_rate=0 (414/720)
    run 24 uid=c690de171cd3 lat_p95=36.319763 cache_hit_rate=None error_rate=0 (415/720)
    run 25 uid=fd3108f89562 lat_p95=36.837576 cache_hit_rate=None error_rate=0 (416/720)
    run 26 uid=d846f9f7b51d lat_p95=36.124591 cache_hit_rate=None error_rate=0 (417/720)
    run 27 uid=afa176a7c945 lat_p95=36.296069 cache_hit_rate=None error_rate=0 (418/720)
    run 28 uid=65944c811989 lat_p95=36.678306 cache_hit_rate=None error_rate=0 (419/720)
    run 29 uid=1a2a601ed02b lat_p95=36.55676049999999 cache_hit_rate=None error_rate=0 (420/720)
  [block B0009] rest/caching=off/zipfian/entropy=medium/heavy/constrained/density=medium/vus=10/page_size=0 -- warmup x1
  [block B0009] measured runs remaining: 30/30
    run 0 uid=8b0e612030ab lat_p95=36.287738 cache_hit_rate=None error_rate=0 (421/720)
    run 1 uid=044d2aa0c6d0 lat_p95=35.986069949999994 cache_hit_rate=None error_rate=0 (422/720)
    run 2 uid=eb9feadca8e0 lat_p95=36.734674 cache_hit_rate=None error_rate=0 (423/720)
    run 3 uid=6369301938db lat_p95=36.358958949999995 cache_hit_rate=None error_rate=0 (424/720)
    run 4 uid=cfa23f8eb7c7 lat_p95=36.062338 cache_hit_rate=None error_rate=0 (425/720)
    run 5 uid=186939d3bd97 lat_p95=36.396975 cache_hit_rate=None error_rate=0 (426/720)
    run 6 uid=f6e989069f4b lat_p95=36.09011145 cache_hit_rate=None error_rate=0 (427/720)
    run 7 uid=b7441d29dc7f lat_p95=35.803307 cache_hit_rate=None error_rate=0 (428/720)
    run 8 uid=d2b41afa6a51 lat_p95=36.3673825 cache_hit_rate=None error_rate=0 (429/720)
    run 9 uid=d8a503627439 lat_p95=37.003161 cache_hit_rate=None error_rate=0 (430/720)
    run 10 uid=41c53e9f9b00 lat_p95=36.449195 cache_hit_rate=None error_rate=0 (431/720)
    run 11 uid=ba6ccdc5cef4 lat_p95=36.569732 cache_hit_rate=None error_rate=0 (432/720)
    run 12 uid=7bb325554344 lat_p95=36.003204 cache_hit_rate=None error_rate=0 (433/720)
    run 13 uid=449b8343dda5 lat_p95=36.0618 cache_hit_rate=None error_rate=0 (434/720)
    run 14 uid=4aad1a68b795 lat_p95=36.619145 cache_hit_rate=None error_rate=0 (435/720)
    run 15 uid=714b39bf3935 lat_p95=36.254575 cache_hit_rate=None error_rate=0 (436/720)
    run 16 uid=5678a14aff10 lat_p95=35.872497149999994 cache_hit_rate=None error_rate=0 (437/720)
    run 17 uid=6006d12d6013 lat_p95=36.249178 cache_hit_rate=None error_rate=0 (438/720)
    run 18 uid=958abbe82045 lat_p95=36.111715 cache_hit_rate=None error_rate=0 (439/720)
    run 19 uid=71115a921414 lat_p95=36.641266 cache_hit_rate=None error_rate=0 (440/720)
    run 20 uid=815ec0385b53 lat_p95=36.665039 cache_hit_rate=None error_rate=0 (441/720)
    run 21 uid=6c5c9556ab61 lat_p95=36.510243 cache_hit_rate=None error_rate=0 (442/720)
    run 22 uid=29917a10e970 lat_p95=36.518672 cache_hit_rate=None error_rate=0 (443/720)
    run 23 uid=6afbf3fb65b1 lat_p95=36.604694 cache_hit_rate=None error_rate=0 (444/720)
    run 24 uid=0e1117c04485 lat_p95=36.58839 cache_hit_rate=None error_rate=0 (445/720)
    run 25 uid=9da411384297 lat_p95=36.66656509999999 cache_hit_rate=None error_rate=0 (446/720)
    run 26 uid=3b023e191610 lat_p95=35.97221 cache_hit_rate=None error_rate=0 (447/720)
    run 27 uid=6e5423033dfa lat_p95=35.686561049999995 cache_hit_rate=None error_rate=0 (448/720)
    run 28 uid=3e2c3c03753e lat_p95=36.799207 cache_hit_rate=None error_rate=0 (449/720)
    run 29 uid=85a5ff9328b4 lat_p95=36.647693499999995 cache_hit_rate=None error_rate=0 (450/720)
  [cache] start varnish
  [block B0002] rest/caching=on/zipfian/entropy=medium/light/constrained/density=medium/vus=10/page_size=0 -- warmup x1
  [block B0002] measured runs remaining: 30/30
    run 0 uid=ba5ba46acf04 lat_p95=37.286819 cache_hit_rate=0.4051054384017758 error_rate=0 (451/720)
    run 1 uid=0254b7f9ae37 lat_p95=36.805913950000004 cache_hit_rate=0.3977777777777778 error_rate=0 (452/720)
    run 2 uid=a8417ff56cb8 lat_p95=36.727851 cache_hit_rate=0.40732519422863483 error_rate=0 (453/720)
    run 3 uid=60ab47aca6ce lat_p95=37.135152399999996 cache_hit_rate=0.41 error_rate=0 (454/720)
    run 4 uid=516622396d72 lat_p95=36.299501 cache_hit_rate=0.416204217536071 error_rate=0 (455/720)
    run 5 uid=7308f9d470ce lat_p95=36.142185 cache_hit_rate=0.45615982241953384 error_rate=0 (456/720)
    run 6 uid=1b1e94457aca lat_p95=36.5152532 cache_hit_rate=0.4477777777777778 error_rate=0 (457/720)
    run 7 uid=1878f073b546 lat_p95=36.8349763 cache_hit_rate=0.4222222222222222 error_rate=0 (458/720)
    run 8 uid=7e3b4f516726 lat_p95=36.592854 cache_hit_rate=0.4483906770255272 error_rate=0 (459/720)
    run 9 uid=043ce1f0418b lat_p95=36.4260581 cache_hit_rate=0.4288888888888889 error_rate=0 (460/720)
    run 10 uid=2a28cab7c4ae lat_p95=36.665696 cache_hit_rate=0.42175360710321863 error_rate=0 (461/720)
    run 11 uid=dcd1ff5aeb95 lat_p95=36.83682579999999 cache_hit_rate=0.4311111111111111 error_rate=0 (462/720)
    run 12 uid=7bec4d3738f1 lat_p95=37.0233555 cache_hit_rate=0.40555555555555556 error_rate=0 (463/720)
    run 13 uid=47c2b380f161 lat_p95=36.827372 cache_hit_rate=0.42175360710321863 error_rate=0 (464/720)
    run 14 uid=eccab92a1aae lat_p95=36.99937875 cache_hit_rate=0.4444444444444444 error_rate=0 (465/720)
    run 15 uid=7429d5ffeb9c lat_p95=37.012337 cache_hit_rate=0.41731409544950054 error_rate=0 (466/720)
    run 16 uid=e65658933e34 lat_p95=37.098901 cache_hit_rate=0.4261931187569367 error_rate=0 (467/720)
    run 17 uid=df9b1f056621 lat_p95=36.7920155 cache_hit_rate=0.43777777777777777 error_rate=0 (468/720)
    run 18 uid=018b15397bab lat_p95=37.18904145 cache_hit_rate=0.44222222222222224 error_rate=0 (469/720)
    run 19 uid=a19cec2c9531 lat_p95=36.939847949999994 cache_hit_rate=0.4177777777777778 error_rate=0 (470/720)
    run 20 uid=407863ccc494 lat_p95=37.198624 cache_hit_rate=0.42730299667036625 error_rate=0 (471/720)
    run 21 uid=131bbb7226a4 lat_p95=36.5128919 cache_hit_rate=0.4077777777777778 error_rate=0 (472/720)
    run 22 uid=052e9cebe242 lat_p95=36.302977 cache_hit_rate=0.40843507214206437 error_rate=0 (473/720)
    run 23 uid=10701134aa5d lat_p95=36.977217 cache_hit_rate=0.42286348501664817 error_rate=0 (474/720)
    run 24 uid=b92475ba430f lat_p95=36.510074 cache_hit_rate=0.4384017758046615 error_rate=0 (475/720)
    run 25 uid=3334f27b091c lat_p95=36.4100919 cache_hit_rate=0.4177777777777778 error_rate=0 (476/720)
    run 26 uid=291d5496de26 lat_p95=36.78926745 cache_hit_rate=0.44333333333333336 error_rate=0 (477/720)
    run 27 uid=692ea674e719 lat_p95=36.439709 cache_hit_rate=0.4295227524972253 error_rate=0 (478/720)
    run 28 uid=b7a1a8ce75e5 lat_p95=36.3523054 cache_hit_rate=0.4222222222222222 error_rate=0 (479/720)
    run 29 uid=9fc2d8dd6c2f lat_p95=36.753099 cache_hit_rate=0.3995560488346282 error_rate=0 (480/720)
  [server] stop rest
  [server] start graphql (backend=sqlite)
  [cache] stop varnish
  [block B0022] graphql/caching=off/uniform/entropy=medium/light/constrained/density=medium/vus=10/page_size=0 -- warmup x1
  [block B0022] measured runs remaining: 30/30
    run 0 uid=15b566fb7c4d lat_p95=43.383923 cache_hit_rate=None error_rate=0 (481/720)
    run 1 uid=ce6b9e0b5e63 lat_p95=43.62908185 cache_hit_rate=None error_rate=0 (482/720)
    run 2 uid=c53224fa9409 lat_p95=43.32487485 cache_hit_rate=None error_rate=0 (483/720)
    run 3 uid=03ed4c9f1d68 lat_p95=43.513505 cache_hit_rate=None error_rate=0 (484/720)
    run 4 uid=bd80a602aad8 lat_p95=44.4959457 cache_hit_rate=None error_rate=0 (485/720)
    run 5 uid=c4534ea8ed9b lat_p95=43.520157 cache_hit_rate=None error_rate=0 (486/720)
    run 6 uid=19c3432479c5 lat_p95=43.25410154999999 cache_hit_rate=None error_rate=0 (487/720)
    run 7 uid=d8a62c6e6b2c lat_p95=43.493565 cache_hit_rate=None error_rate=0 (488/720)
    run 8 uid=a1124a8e581b lat_p95=43.54616 cache_hit_rate=None error_rate=0 (489/720)
    run 9 uid=6c5637e513b0 lat_p95=43.626583 cache_hit_rate=None error_rate=0 (490/720)
    run 10 uid=937f6cd8a9f6 lat_p95=43.057496 cache_hit_rate=None error_rate=0 (491/720)
    run 11 uid=b2488177e8be lat_p95=42.629718 cache_hit_rate=None error_rate=0 (492/720)
    run 12 uid=d5d15f3fd25b lat_p95=43.049407 cache_hit_rate=None error_rate=0 (493/720)
    run 13 uid=92f00c5f0ff4 lat_p95=43.989159 cache_hit_rate=None error_rate=0 (494/720)
    run 14 uid=517dfce967ed lat_p95=43.91040615 cache_hit_rate=None error_rate=0 (495/720)
    run 15 uid=52e76aebe4fb lat_p95=43.080125 cache_hit_rate=None error_rate=0 (496/720)
    run 16 uid=cc8973866579 lat_p95=43.206344 cache_hit_rate=None error_rate=0 (497/720)
    run 17 uid=5b047ed6fdb1 lat_p95=43.362129 cache_hit_rate=None error_rate=0 (498/720)
    run 18 uid=f93308720189 lat_p95=43.880878499999994 cache_hit_rate=None error_rate=0 (499/720)
    run 19 uid=00d0ad5e57f5 lat_p95=43.678097 cache_hit_rate=None error_rate=0 (500/720)
    run 20 uid=d69b199172b2 lat_p95=43.234263 cache_hit_rate=None error_rate=0 (501/720)
    run 21 uid=c1330c245edb lat_p95=43.6976704 cache_hit_rate=None error_rate=0 (502/720)
    run 22 uid=c75de602b8c9 lat_p95=43.270877 cache_hit_rate=None error_rate=0 (503/720)
    run 23 uid=5daf1c28b850 lat_p95=43.78142425 cache_hit_rate=None error_rate=0 (504/720)
    run 24 uid=e87d84588fd3 lat_p95=43.47085195 cache_hit_rate=None error_rate=0 (505/720)
    run 25 uid=cc3718c417b7 lat_p95=43.83550565 cache_hit_rate=None error_rate=0 (506/720)
    run 26 uid=da4a832ab3b7 lat_p95=43.235119 cache_hit_rate=None error_rate=0 (507/720)
    run 27 uid=598c404670c0 lat_p95=43.925371 cache_hit_rate=None error_rate=0 (508/720)
    run 28 uid=8cd6bc0ba254 lat_p95=43.324171 cache_hit_rate=None error_rate=0 (509/720)
    run 29 uid=186bffdf580d lat_p95=42.6568506 cache_hit_rate=None error_rate=0 (510/720)
  [server] stop graphql
  [server] start rest (backend=sqlite)
  [cache] start varnish
  [block B0004] rest/caching=on/uniform/entropy=medium/light/constrained/density=medium/vus=10/page_size=0 -- warmup x1
  [block B0004] measured runs remaining: 30/30
    run 0 uid=fb5621ed7935 lat_p95=37.36601 cache_hit_rate=0.06326304106548279 error_rate=0 (511/720)
    run 1 uid=9a9c568fb625 lat_p95=37.771665 cache_hit_rate=0.051054384017758046 error_rate=0 (512/720)
    run 2 uid=de76eb0165bc lat_p95=37.6590335 cache_hit_rate=0.058888888888888886 error_rate=0 (513/720)
    run 3 uid=1857152e12dc lat_p95=37.392637 cache_hit_rate=0.06548279689234185 error_rate=0 (514/720)
    run 4 uid=a254c45e12e6 lat_p95=37.3583044 cache_hit_rate=0.05333333333333334 error_rate=0 (515/720)
    run 5 uid=7791f9df153e lat_p95=37.022937 cache_hit_rate=0.05438401775804662 error_rate=0 (516/720)
    run 6 uid=b136c7935421 lat_p95=37.669641 cache_hit_rate=0.051054384017758046 error_rate=0 (517/720)
    run 7 uid=aee6a2815dbe lat_p95=37.179254 cache_hit_rate=0.051054384017758046 error_rate=0 (518/720)
    run 8 uid=cf75073b475c lat_p95=37.17565825 cache_hit_rate=0.04888888888888889 error_rate=0 (519/720)
    run 9 uid=eb76cc6c1d83 lat_p95=36.939611 cache_hit_rate=0.06548279689234185 error_rate=0 (520/720)
    run 10 uid=aa3297e30274 lat_p95=36.9043669 cache_hit_rate=0.056666666666666664 error_rate=0 (521/720)
    run 11 uid=a5cda8f3d631 lat_p95=37.650585 cache_hit_rate=0.06548279689234185 error_rate=0 (522/720)
    run 12 uid=9f7fc904a7f0 lat_p95=37.014476 cache_hit_rate=0.06104328523862375 error_rate=0 (523/720)
    run 13 uid=6e16288847f9 lat_p95=37.18805855 cache_hit_rate=0.07222222222222222 error_rate=0 (524/720)
    run 14 uid=580994baf0a3 lat_p95=36.661335 cache_hit_rate=0.05660377358490566 error_rate=0 (525/720)
    run 15 uid=446a30495db7 lat_p95=37.579558 cache_hit_rate=0.05660377358490566 error_rate=0 (526/720)
    run 16 uid=b959323eaca2 lat_p95=37.2468684 cache_hit_rate=0.052222222222222225 error_rate=0 (527/720)
    run 17 uid=528bab47b298 lat_p95=36.92605775 cache_hit_rate=0.06777777777777778 error_rate=0 (528/720)
    run 18 uid=4d6146036081 lat_p95=38.0158256 cache_hit_rate=0.057777777777777775 error_rate=0 (529/720)
    run 19 uid=67a9935ca795 lat_p95=37.474765850000004 cache_hit_rate=0.06 error_rate=0 (530/720)
    run 20 uid=bd24ebfc981f lat_p95=37.591858 cache_hit_rate=0.04772475027746948 error_rate=0 (531/720)
    run 21 uid=2139bc52508b lat_p95=36.961582 cache_hit_rate=0.06326304106548279 error_rate=0 (532/720)
    run 22 uid=b042e3bda0d7 lat_p95=37.126032 cache_hit_rate=0.06770255271920089 error_rate=0 (533/720)
    run 23 uid=9d6bdb05b81c lat_p95=38.21308585 cache_hit_rate=0.05 error_rate=0 (534/720)
    run 24 uid=841be6fee1f8 lat_p95=37.4071881 cache_hit_rate=0.052222222222222225 error_rate=0 (535/720)
    run 25 uid=ae70bb76599b lat_p95=37.05284 cache_hit_rate=0.07658157602663707 error_rate=0 (536/720)
    run 26 uid=65d9307e2f1b lat_p95=37.232479999999995 cache_hit_rate=0.056666666666666664 error_rate=0 (537/720)
    run 27 uid=cb7c8922932a lat_p95=36.860955049999994 cache_hit_rate=0.06 error_rate=0 (538/720)
    run 28 uid=7ba7c6ff6f37 lat_p95=37.142792 cache_hit_rate=0.05549389567147614 error_rate=0 (539/720)
    run 29 uid=208ad64f58f0 lat_p95=37.17507895 cache_hit_rate=0.05555555555555555 error_rate=0 (540/720)
  [server] stop rest
  [server] start graphql (backend=sqlite)
  [cache] stop varnish
  [block B0019] graphql/caching=off/unique/entropy=medium/heavy/constrained/density=medium/vus=10/page_size=0 -- warmup x1
  [block B0019] measured runs remaining: 30/30
    run 0 uid=151290c4cc57 lat_p95=41.942708 cache_hit_rate=None error_rate=0 (541/720)
    run 1 uid=3490791213aa lat_p95=43.049853 cache_hit_rate=None error_rate=0 (542/720)
    run 2 uid=2a6f3286869c lat_p95=42.917755549999995 cache_hit_rate=None error_rate=0 (543/720)
    run 3 uid=c40c47dc749e lat_p95=42.464670649999995 cache_hit_rate=None error_rate=0 (544/720)
    run 4 uid=00bd3fae165a lat_p95=41.801895 cache_hit_rate=None error_rate=0 (545/720)
    run 5 uid=062ca7a51d86 lat_p95=42.222118 cache_hit_rate=None error_rate=0 (546/720)
    run 6 uid=bd5b15f036e4 lat_p95=41.84712094999999 cache_hit_rate=None error_rate=0 (547/720)
    run 7 uid=37ea9bd6b4ae lat_p95=42.865557 cache_hit_rate=None error_rate=0 (548/720)
    run 8 uid=9348b06cd406 lat_p95=42.376751 cache_hit_rate=None error_rate=0 (549/720)
    run 9 uid=e4a3ecac68d7 lat_p95=42.1039161 cache_hit_rate=None error_rate=0 (550/720)
    run 10 uid=b3b87d41ac6b lat_p95=41.9495789 cache_hit_rate=None error_rate=0 (551/720)
    run 11 uid=866e47980d01 lat_p95=42.669512 cache_hit_rate=None error_rate=0 (552/720)
    run 12 uid=9c7016dcc4ed lat_p95=42.53189235 cache_hit_rate=None error_rate=0 (553/720)
    run 13 uid=f22113e4d4d3 lat_p95=42.36831645 cache_hit_rate=None error_rate=0 (554/720)
    run 14 uid=9a2f6a687127 lat_p95=42.391555 cache_hit_rate=None error_rate=0 (555/720)
    run 15 uid=6ea4c712503c lat_p95=42.7580214 cache_hit_rate=None error_rate=0 (556/720)
    run 16 uid=46535de644ea lat_p95=42.135552999999994 cache_hit_rate=None error_rate=0 (557/720)
    run 17 uid=3aa72a0b4b81 lat_p95=42.68067644999999 cache_hit_rate=None error_rate=0 (558/720)
    run 18 uid=98363540a3e1 lat_p95=42.702161 cache_hit_rate=None error_rate=0 (559/720)
    run 19 uid=7e42e33d0097 lat_p95=42.48207 cache_hit_rate=None error_rate=0 (560/720)
    run 20 uid=214d5d60163a lat_p95=42.73384555 cache_hit_rate=None error_rate=0 (561/720)
    run 21 uid=facbf566319b lat_p95=42.480639 cache_hit_rate=None error_rate=0 (562/720)
    run 22 uid=20172520776b lat_p95=42.465816 cache_hit_rate=None error_rate=0 (563/720)
    run 23 uid=148b32d27b05 lat_p95=42.4222305 cache_hit_rate=None error_rate=0 (564/720)
    run 24 uid=35b56950c94f lat_p95=42.224186 cache_hit_rate=None error_rate=0 (565/720)
    run 25 uid=a7d6a7396363 lat_p95=42.99062245 cache_hit_rate=None error_rate=0 (566/720)
    run 26 uid=45e7b6ee7e9c lat_p95=43.438706 cache_hit_rate=None error_rate=0 (567/720)
    run 27 uid=e819ac0ebba8 lat_p95=42.678876 cache_hit_rate=None error_rate=0 (568/720)
    run 28 uid=9a9be0da2f0c lat_p95=42.431997 cache_hit_rate=None error_rate=0 (569/720)
    run 29 uid=9f88eb652d22 lat_p95=42.03041205 cache_hit_rate=None error_rate=0 (570/720)
  [server] stop graphql
  [server] start rest (backend=sqlite)
  [block B0007] rest/caching=off/unique/entropy=medium/heavy/constrained/density=medium/vus=10/page_size=0 -- warmup x1
  [block B0007] measured runs remaining: 30/30
    run 0 uid=56537dc09a29 lat_p95=36.056661 cache_hit_rate=None error_rate=0 (571/720)
    run 1 uid=62b77c802193 lat_p95=35.807713 cache_hit_rate=None error_rate=0 (572/720)
    run 2 uid=3cd6224e59f6 lat_p95=35.404725049999996 cache_hit_rate=None error_rate=0 (573/720)
    run 3 uid=03f310b4a79e lat_p95=35.666571 cache_hit_rate=None error_rate=0 (574/720)
    run 4 uid=195390fe66d3 lat_p95=36.08183294999999 cache_hit_rate=None error_rate=0 (575/720)
    run 5 uid=71e257d33e15 lat_p95=35.87364 cache_hit_rate=None error_rate=0 (576/720)
    run 6 uid=40864a33728e lat_p95=36.181171449999994 cache_hit_rate=None error_rate=0 (577/720)
    run 7 uid=86195a63b83d lat_p95=36.956043 cache_hit_rate=None error_rate=0 (578/720)
    run 8 uid=42ef991306c7 lat_p95=36.009139 cache_hit_rate=None error_rate=0 (579/720)
    run 9 uid=63e7068006f3 lat_p95=35.962809 cache_hit_rate=None error_rate=0 (580/720)
    run 10 uid=318ae0d9cb59 lat_p95=36.985055 cache_hit_rate=None error_rate=0 (581/720)
    run 11 uid=5bbe1d67071e lat_p95=35.9850596 cache_hit_rate=None error_rate=0 (582/720)
    run 12 uid=30d03f14906c lat_p95=35.903529199999994 cache_hit_rate=None error_rate=0 (583/720)
    run 13 uid=8ece51e653f0 lat_p95=35.235501 cache_hit_rate=None error_rate=0 (584/720)
    run 14 uid=5c913ee80d52 lat_p95=36.770993 cache_hit_rate=None error_rate=0 (585/720)
    run 15 uid=c45203d268ab lat_p95=35.633515 cache_hit_rate=None error_rate=0 (586/720)
    run 16 uid=177fa3f18818 lat_p95=36.632285 cache_hit_rate=None error_rate=0 (587/720)
    run 17 uid=de9d0e515979 lat_p95=35.88616 cache_hit_rate=None error_rate=0 (588/720)
    run 18 uid=2fe9aae5405c lat_p95=36.309939 cache_hit_rate=None error_rate=0 (589/720)
    run 19 uid=9c81f97fa676 lat_p95=36.101198 cache_hit_rate=None error_rate=0 (590/720)
    run 20 uid=cef3687f2e21 lat_p95=36.289181049999996 cache_hit_rate=None error_rate=0 (591/720)
    run 21 uid=e95e1a84c16e lat_p95=36.23231379999999 cache_hit_rate=None error_rate=0 (592/720)
    run 22 uid=49a8feb4afe3 lat_p95=35.285959 cache_hit_rate=None error_rate=0 (593/720)
    run 23 uid=40072b752d1d lat_p95=35.47908495 cache_hit_rate=None error_rate=0 (594/720)
    run 24 uid=a49f92b09f68 lat_p95=36.055138 cache_hit_rate=None error_rate=0 (595/720)
    run 25 uid=332260c5c623 lat_p95=36.878707 cache_hit_rate=None error_rate=0 (596/720)
    run 26 uid=d0530de95039 lat_p95=35.984361 cache_hit_rate=None error_rate=0 (597/720)
    run 27 uid=ed5c01d25a76 lat_p95=35.544698 cache_hit_rate=None error_rate=0 (598/720)
    run 28 uid=e15038ca7826 lat_p95=36.572772 cache_hit_rate=None error_rate=0 (599/720)
    run 29 uid=f1c74d2f3781 lat_p95=36.099306 cache_hit_rate=None error_rate=0 (600/720)
  [block B0008] rest/caching=off/zipfian/entropy=medium/light/constrained/density=medium/vus=10/page_size=0 -- warmup x1
  [block B0008] measured runs remaining: 30/30
    run 0 uid=d07c9804e0d2 lat_p95=36.72280165 cache_hit_rate=None error_rate=0 (601/720)
    run 1 uid=dfc748ac58b2 lat_p95=36.9412445 cache_hit_rate=None error_rate=0 (602/720)
    run 2 uid=f454bd81fb1d lat_p95=36.78253134999999 cache_hit_rate=None error_rate=0 (603/720)
    run 3 uid=576c56d1acfc lat_p95=35.872189 cache_hit_rate=None error_rate=0 (604/720)
    run 4 uid=048eca4b38a7 lat_p95=36.240215 cache_hit_rate=None error_rate=0 (605/720)
    run 5 uid=eb0ca4e7ecb9 lat_p95=37.001847 cache_hit_rate=None error_rate=0 (606/720)
    run 6 uid=909849f5829f lat_p95=36.798478 cache_hit_rate=None error_rate=0 (607/720)
    run 7 uid=2efe01acacc3 lat_p95=36.47444339999999 cache_hit_rate=None error_rate=0 (608/720)
    run 8 uid=2e02b2c30b26 lat_p95=36.586374 cache_hit_rate=None error_rate=0 (609/720)
    run 9 uid=e6458bf11b79 lat_p95=37.219670699999995 cache_hit_rate=None error_rate=0 (610/720)
    run 10 uid=fb0bebd33b86 lat_p95=37.010058 cache_hit_rate=None error_rate=0 (611/720)
    run 11 uid=8a3a327f4187 lat_p95=37.082312 cache_hit_rate=None error_rate=0 (612/720)
    run 12 uid=ad58356877cb lat_p95=36.658919499999996 cache_hit_rate=None error_rate=0 (613/720)
    run 13 uid=35f2ed8c7bfd lat_p95=36.8216081 cache_hit_rate=None error_rate=0 (614/720)
    run 14 uid=33f8740ee01c lat_p95=35.905335 cache_hit_rate=None error_rate=0 (615/720)
    run 15 uid=56e89c56a88f lat_p95=36.70640899999999 cache_hit_rate=None error_rate=0 (616/720)
    run 16 uid=dea75cc1a8ea lat_p95=36.518211 cache_hit_rate=None error_rate=0 (617/720)
    run 17 uid=ee601503f497 lat_p95=36.030764 cache_hit_rate=None error_rate=0 (618/720)
    run 18 uid=118ef20d9b74 lat_p95=37.008686499999996 cache_hit_rate=None error_rate=0 (619/720)
    run 19 uid=0cd1efd1c914 lat_p95=36.400439 cache_hit_rate=None error_rate=0 (620/720)
    run 20 uid=6f99566dacba lat_p95=36.153227 cache_hit_rate=None error_rate=0 (621/720)
    run 21 uid=6cfc90a02002 lat_p95=36.320056 cache_hit_rate=None error_rate=0 (622/720)
    run 22 uid=3c5f13ecf4d5 lat_p95=36.460574 cache_hit_rate=None error_rate=0 (623/720)
    run 23 uid=142c8c007ad4 lat_p95=36.647512 cache_hit_rate=None error_rate=0 (624/720)
    run 24 uid=27384837bfed lat_p95=36.89929 cache_hit_rate=None error_rate=0 (625/720)
    run 25 uid=4b588876020e lat_p95=36.12772465 cache_hit_rate=None error_rate=0 (626/720)
    run 26 uid=17e9625ab847 lat_p95=35.929415 cache_hit_rate=None error_rate=0 (627/720)
    run 27 uid=feb9af2072ec lat_p95=36.708197 cache_hit_rate=None error_rate=0 (628/720)
    run 28 uid=d306296e8b53 lat_p95=36.786268099999994 cache_hit_rate=None error_rate=0 (629/720)
    run 29 uid=a7d4ccb1837f lat_p95=36.555642 cache_hit_rate=None error_rate=0 (630/720)
  [cache] start varnish
  [block B0000] rest/caching=on/unique/entropy=medium/light/constrained/density=medium/vus=10/page_size=0 -- warmup x1
  [block B0000] measured runs remaining: 30/30
    run 0 uid=949e1e5f4008 lat_p95=37.116466 cache_hit_rate=0 error_rate=0 (631/720)
    run 1 uid=d959940cecae lat_p95=37.196203 cache_hit_rate=0.0011098779134295228 error_rate=0 (632/720)
    run 2 uid=ac437ae301fc lat_p95=37.653716 cache_hit_rate=0.0011098779134295228 error_rate=0 (633/720)
    run 3 uid=60cf0bce5bb3 lat_p95=37.33253955 cache_hit_rate=0.0011111111111111111 error_rate=0 (634/720)
    run 4 uid=a5ffca06d20f lat_p95=38.33714 cache_hit_rate=0 error_rate=0 (635/720)
    run 5 uid=de7860b5edcf lat_p95=37.267538 cache_hit_rate=0 error_rate=0 (636/720)
    run 6 uid=7c92a7638646 lat_p95=37.873577 cache_hit_rate=0 error_rate=0 (637/720)
    run 7 uid=e170daff028d lat_p95=37.96195155 cache_hit_rate=0 error_rate=0 (638/720)
    run 8 uid=f48f0c9d7aa3 lat_p95=36.997434 cache_hit_rate=0 error_rate=0 (639/720)
    run 9 uid=100fa4666d02 lat_p95=37.9923 cache_hit_rate=0 error_rate=0 (640/720)
    run 10 uid=cde21f20a362 lat_p95=37.562353 cache_hit_rate=0 error_rate=0 (641/720)
    run 11 uid=6b574aa60055 lat_p95=36.956229 cache_hit_rate=0 error_rate=0 (642/720)
    run 12 uid=acad590f769c lat_p95=37.605545 cache_hit_rate=0.0011098779134295228 error_rate=0 (643/720)
    run 13 uid=30e94a2d2262 lat_p95=37.905396 cache_hit_rate=0.0011098779134295228 error_rate=0 (644/720)
    run 14 uid=5f72ff68f8bb lat_p95=37.796731550000004 cache_hit_rate=0 error_rate=0 (645/720)
    run 15 uid=8eabaf6c46b4 lat_p95=37.939126 cache_hit_rate=0 error_rate=0 (646/720)
    run 16 uid=76304b6a599b lat_p95=37.668758149999995 cache_hit_rate=0.0011111111111111111 error_rate=0 (647/720)
    run 17 uid=5e72f188690c lat_p95=36.748089 cache_hit_rate=0 error_rate=0 (648/720)
    run 18 uid=9a7846add89c lat_p95=36.7262468 cache_hit_rate=0.0011111111111111111 error_rate=0 (649/720)
    run 19 uid=c672bbb7b1ec lat_p95=37.408936 cache_hit_rate=0 error_rate=0 (650/720)
    run 20 uid=689e318df043 lat_p95=36.875841 cache_hit_rate=0 error_rate=0 (651/720)
    run 21 uid=201b4553cc45 lat_p95=37.017708 cache_hit_rate=0 error_rate=0 (652/720)
    run 22 uid=cdb05d3ab06e lat_p95=37.338552 cache_hit_rate=0 error_rate=0 (653/720)
    run 23 uid=8afa2b9fc775 lat_p95=38.226657 cache_hit_rate=0 error_rate=0 (654/720)
    run 24 uid=afd070a8373c lat_p95=37.136872149999995 cache_hit_rate=0 error_rate=0 (655/720)
    run 25 uid=65909da843db lat_p95=37.645377 cache_hit_rate=0 error_rate=0 (656/720)
    run 26 uid=28ed5b054344 lat_p95=37.198979 cache_hit_rate=0 error_rate=0 (657/720)
    run 27 uid=73cf41ed0bd3 lat_p95=37.561483 cache_hit_rate=0 error_rate=0 (658/720)
    run 28 uid=5c09f4cec7dd lat_p95=37.277134 cache_hit_rate=0 error_rate=0 (659/720)
    run 29 uid=20bcdf0a7a72 lat_p95=37.42619089999999 cache_hit_rate=0.0011111111111111111 error_rate=0 (660/720)
  [block B0003] rest/caching=on/zipfian/entropy=medium/heavy/constrained/density=medium/vus=10/page_size=0 -- warmup x1
  [block B0003] measured runs remaining: 30/30
    run 0 uid=efa8612c0638 lat_p95=36.50909 cache_hit_rate=0.3662597114317425 error_rate=0 (661/720)
    run 1 uid=89516e2f96f8 lat_p95=36.503382349999995 cache_hit_rate=0.38555555555555554 error_rate=0 (662/720)
    run 2 uid=8e4474fa2f96 lat_p95=37.3221798 cache_hit_rate=0.3411111111111111 error_rate=0 (663/720)
    run 3 uid=d59148e916ea lat_p95=36.987796 cache_hit_rate=0.3607103218645949 error_rate=0 (664/720)
    run 4 uid=3ce58eea37e3 lat_p95=36.795593 cache_hit_rate=0.36403995560488345 error_rate=0 (665/720)
    run 5 uid=9d600621cb2e lat_p95=36.00963785 cache_hit_rate=0.38666666666666666 error_rate=0 (666/720)
    run 6 uid=4e298561407e lat_p95=37.041958 cache_hit_rate=0.3607103218645949 error_rate=0 (667/720)
    run 7 uid=040f37e15e50 lat_p95=36.465937 cache_hit_rate=0.34406215316315203 error_rate=0 (668/720)
    run 8 uid=d72eeb1b9591 lat_p95=36.502097 cache_hit_rate=0.36736958934517205 error_rate=0 (669/720)
    run 9 uid=6a99e7431ad9 lat_p95=36.270453 cache_hit_rate=0.35294117647058826 error_rate=0 (670/720)
    run 10 uid=f8a05eea6129 lat_p95=36.111154 cache_hit_rate=0.3551609322974473 error_rate=0 (671/720)
    run 11 uid=244cd73f4b4a lat_p95=36.335045 cache_hit_rate=0.38290788013318533 error_rate=0 (672/720)
    run 12 uid=786c33fbc6f8 lat_p95=36.16628 cache_hit_rate=0.37846836847946724 error_rate=0 (673/720)
    run 13 uid=2b170b6d8d23 lat_p95=36.57382864999999 cache_hit_rate=0.36333333333333334 error_rate=0 (674/720)
    run 14 uid=6f526550db38 lat_p95=36.1875657 cache_hit_rate=0.3877777777777778 error_rate=0 (675/720)
    run 15 uid=8dc73b8483bb lat_p95=35.961669 cache_hit_rate=0.3751387347391787 error_rate=0 (676/720)
    run 16 uid=7fafa3d21204 lat_p95=36.099157 cache_hit_rate=0.3795782463928968 error_rate=0 (677/720)
    run 17 uid=e59f13a0368a lat_p95=35.88779 cache_hit_rate=0.3795782463928968 error_rate=0 (678/720)
    run 18 uid=ca486cb18a41 lat_p95=36.663669549999995 cache_hit_rate=0.34 error_rate=0 (679/720)
    run 19 uid=9bbf1fbd636b lat_p95=36.079256 cache_hit_rate=0.390677025527192 error_rate=0 (680/720)
    run 20 uid=b4da8fbd8ee5 lat_p95=35.996735 cache_hit_rate=0.34850166481687017 error_rate=0 (681/720)
    run 21 uid=557e5e19506e lat_p95=36.0861277 cache_hit_rate=0.3611111111111111 error_rate=0 (682/720)
    run 22 uid=08b85846c189 lat_p95=35.808249 cache_hit_rate=0.33296337402885684 error_rate=0 (683/720)
    run 23 uid=f8dede6b7617 lat_p95=36.394959 cache_hit_rate=0.34406215316315203 error_rate=0 (684/720)
    run 24 uid=1cf64ed6bc3b lat_p95=36.88196 cache_hit_rate=0.35294117647058826 error_rate=0 (685/720)
    run 25 uid=b544cbf7e0f1 lat_p95=36.666591 cache_hit_rate=0.3806881243063263 error_rate=0 (686/720)
    run 26 uid=daf6f5d9109a lat_p95=35.96515205 cache_hit_rate=0.37555555555555553 error_rate=0 (687/720)
    run 27 uid=4ca5e45e8e6d lat_p95=36.886022 cache_hit_rate=0.3562708102108768 error_rate=0 (688/720)
    run 28 uid=9dad8026d817 lat_p95=37.142364549999996 cache_hit_rate=0.3566666666666667 error_rate=0 (689/720)
    run 29 uid=0e4a14f04ee1 lat_p95=36.245305 cache_hit_rate=0.36847946725860153 error_rate=0 (690/720)
  [server] stop rest
  [server] start graphql (backend=sqlite)
  [cache] stop varnish
  [block B0020] graphql/caching=off/zipfian/entropy=medium/light/constrained/density=medium/vus=10/page_size=0 -- warmup x1
  [block B0020] measured runs remaining: 30/30
    run 0 uid=93594ed316f2 lat_p95=44.15133365 cache_hit_rate=None error_rate=0 (691/720)
    run 1 uid=8624233e9840 lat_p95=44.8604503 cache_hit_rate=None error_rate=0 (692/720)
    run 2 uid=44fcb1f16542 lat_p95=44.705174 cache_hit_rate=None error_rate=0 (693/720)
    run 3 uid=f56b3232db55 lat_p95=44.715049799999996 cache_hit_rate=None error_rate=0 (694/720)
    run 4 uid=d783ff64b7e8 lat_p95=43.638588 cache_hit_rate=None error_rate=0 (695/720)
    run 5 uid=2b1d946d928d lat_p95=43.650869 cache_hit_rate=None error_rate=0 (696/720)
    run 6 uid=d7a6f9610e88 lat_p95=43.982451 cache_hit_rate=None error_rate=0 (697/720)
    run 7 uid=5ddd95efa0a2 lat_p95=44.001061 cache_hit_rate=None error_rate=0 (698/720)
    run 8 uid=c3125346f4d5 lat_p95=44.2061651 cache_hit_rate=None error_rate=0 (699/720)
    run 9 uid=f56b9bde898f lat_p95=43.7475414 cache_hit_rate=None error_rate=0 (700/720)
    run 10 uid=156f2ff36b4a lat_p95=44.352456 cache_hit_rate=None error_rate=0 (701/720)
    run 11 uid=ce91d664be14 lat_p95=44.808311 cache_hit_rate=None error_rate=0 (702/720)
    run 12 uid=fd478e78cf54 lat_p95=44.696087 cache_hit_rate=None error_rate=0 (703/720)
    run 13 uid=a4c24403c216 lat_p95=45.338142 cache_hit_rate=None error_rate=0 (704/720)
    run 14 uid=f8c90add9096 lat_p95=44.332307400000005 cache_hit_rate=None error_rate=0 (705/720)
    run 15 uid=9e660d69af0c lat_p95=43.876967 cache_hit_rate=None error_rate=0 (706/720)
    run 16 uid=dad4a11e0245 lat_p95=44.454493049999996 cache_hit_rate=None error_rate=0 (707/720)
    run 17 uid=5b72ed643a6f lat_p95=44.086702450000004 cache_hit_rate=None error_rate=0 (708/720)
    run 18 uid=df2f3e0ed339 lat_p95=44.687928 cache_hit_rate=None error_rate=0 (709/720)
    run 19 uid=d7221da1dd97 lat_p95=44.027371 cache_hit_rate=None error_rate=0 (710/720)
    run 20 uid=46b719a10370 lat_p95=44.108171899999995 cache_hit_rate=None error_rate=0 (711/720)
    run 21 uid=2f04849af4b8 lat_p95=44.26513889999998 cache_hit_rate=None error_rate=0 (712/720)
    run 22 uid=3d0ee8152c7b lat_p95=44.234921 cache_hit_rate=None error_rate=0 (713/720)
    run 23 uid=c98143d6e4fe lat_p95=43.92350184999999 cache_hit_rate=None error_rate=0 (714/720)
    run 24 uid=4e23896e4400 lat_p95=44.2086284 cache_hit_rate=None error_rate=0 (715/720)
    run 25 uid=eb1cccc15901 lat_p95=44.152676 cache_hit_rate=None error_rate=0 (716/720)
    run 26 uid=4e598347c950 lat_p95=44.564737 cache_hit_rate=None error_rate=0 (717/720)
    run 27 uid=b72267eb5892 lat_p95=43.846916 cache_hit_rate=None error_rate=0 (718/720)
    run 28 uid=e75b113e44ab lat_p95=44.075351 cache_hit_rate=None error_rate=0 (719/720)
    run 29 uid=604da3eef848 lat_p95=44.6954754 cache_hit_rate=None error_rate=0 (720/720)
  [server] stop graphql
