=== session start 2026-06-20T19:24:17 ===
k6: k6.exe v2.0.0-rc1 (commit/fb943a6a80, go1.26.2, windows/amd64)
python: 3.13.14 (tags/v3.13.14:fd17997, Jun 10 2026, 13:03:48) [MSC v.1944 64 bit (AMD64)]
platform: nt
annotated-doc==0.0.4
annotated-types==0.7.0
anyio==4.14.0
certifi==2026.6.17
click==8.4.1
colorama==0.4.6
cross-web==0.7.0
fastapi==0.137.2
graphql-core==3.2.11
h11==0.16.0
httpcore==1.0.9
httpcore2==2.4.0
httpx==0.28.1
httpx2==2.4.0
idna==3.18
packaging==26.2
psutil==7.2.2
pydantic==2.13.4
pydantic_core==2.46.4
python-dateutil==2.9.0.post0
six==1.17.0
starlette==1.3.1
strawberry-graphql==0.317.2
truststore==0.10.4
typing-inspection==0.4.2
typing_extensions==4.15.0
uvicorn==0.49.0

