Grid: mot
Blocks: 108
Warmup rows: 108 | Measured rows: 3240 | Total: 3348
Seed: 42
Written to /home/ubuntu/APE/APEta/results/mot-scenarios-core/run_plan.csv
=== PREFLIGHT (grid=mot) ===
[PASS] db: images=2846 detections=104767 (/home/ubuntu/training/mot_detections.db)
[PASS] id_pool_json: /home/ubuntu/APE/APEta/scratch/id_pool_mot.json
[PASS] k6: k6 v2.0.0 (commit/8c3be52cc1, go1.26.3, linux/amd64)
[PASS] varnishd: /usr/sbin/varnishd
[PASS] sudo_netns: passwordless sudo for ip netns confirmed
[PASS] netns_systemd_run_user_scope: confirmed working (netns + runuser + systemd-run --user --scope)
[PASS] root_port_free: free

PREFLIGHT PASS
[done] topology up: root(10.200.0.1) <-> ape-origin(10.200.0.2)
[done] applied 'lan' on veth-ape-h:
qdisc netem 8002: root refcnt 33 limit 1000 delay 5ms  1ms rate 100Mbit
[done] snapshot -> /home/ubuntu/APE/APEta/results/mot-scenarios-core/env_snapshot
Total blocks: 108. Resuming from block index 0 (B0059). Measured runs already recorded: 0/3240
  [netns] bringing up ape-origin (10.200.0.1 <-> 10.200.0.2)
  [server] start graphql (backend=sqlite)
  [network] apply lan
  [block B0059] graphql/scenario=M1/tier=medium/rate=74rps(r120_overload)/caching=off/uniform/backend=sqlite/lan -- warmup x1
  [block B0059] measured runs remaining: 30/30
    run 0 uid=453c51efa2a0 lat_p95=33.230031 cache_hit_rate=None error_rate=0 (1/3240)
    run 1 uid=8ba0fdfac79d lat_p95=50.86376499999998 cache_hit_rate=None error_rate=0 (2/3240)
    run 2 uid=21929a1e5868 lat_p95=45.490531 cache_hit_rate=None error_rate=0 (3/3240)
    run 3 uid=44dcaf366c1a lat_p95=41.16341499999992 cache_hit_rate=None error_rate=0 (4/3240)
    run 4 uid=c927c3b25e62 lat_p95=43.954590999999745 cache_hit_rate=None error_rate=0 (5/3240)
    run 5 uid=5eb35a9c6829 lat_p95=27.23922299999992 cache_hit_rate=None error_rate=0 (6/3240)
    run 6 uid=c0c462749a53 lat_p95=64.63017999999997 cache_hit_rate=None error_rate=0 (7/3240)

Interrupted -- stopping server/cache/sampler...
  [server] stop graphql
=== PREFLIGHT (grid=mot) ===
[PASS] db: images=2846 detections=104767 (/home/ubuntu/training/mot_detections.db)
[PASS] id_pool_json: /home/ubuntu/APE/APEta/scratch/id_pool_mot.json
[PASS] k6: k6 v2.0.0 (commit/8c3be52cc1, go1.26.3, linux/amd64)
[PASS] varnishd: /usr/sbin/varnishd
[PASS] sudo_netns: passwordless sudo for ip netns confirmed
[PASS] netns_systemd_run_user_scope: confirmed working (netns + runuser + systemd-run --user --scope)
[PASS] root_port_free: free

PREFLIGHT PASS
[done] topology up: root(10.200.0.1) <-> ape-origin(10.200.0.2)
[done] applied 'lan' on veth-ape-h:
qdisc netem 8004: root refcnt 33 limit 1000 delay 5ms  1ms rate 100Mbit
Total blocks: 108. Resuming from block index 0 (B0059). Measured runs already recorded: 7/3240
  [netns] bringing up ape-origin (10.200.0.1 <-> 10.200.0.2)
  [server] start graphql (backend=sqlite)
  [network] apply lan
  [block B0059] graphql/scenario=M1/tier=medium/rate=74rps(r120_overload)/caching=off/uniform/backend=sqlite/lan -- warmup x1
  [block B0059] measured runs remaining: 23/30
    run 7 uid=e7753dde16b3 lat_p95=42.75599749999993 cache_hit_rate=None error_rate=0 (8/3240)
    run 8 uid=ca39ba9aa1ef lat_p95=39.678062 cache_hit_rate=None error_rate=0 (9/3240)
    run 9 uid=7cc004acbe3d lat_p95=41.205331 cache_hit_rate=None error_rate=0 (10/3240)
    run 10 uid=a8c1db8ba2e5 lat_p95=41.61677 cache_hit_rate=None error_rate=0 (11/3240)
    run 11 uid=8cf5edda0e31 lat_p95=43.044135949999955 cache_hit_rate=None error_rate=0 (12/3240)
    run 12 uid=4f0b8e3766bb lat_p95=35.250672 cache_hit_rate=None error_rate=0 (13/3240)
    run 13 uid=60b1dcd56dfd lat_p95=43.09324 cache_hit_rate=None error_rate=0 (14/3240)
    run 14 uid=49ea6935e7c1 lat_p95=28.538566 cache_hit_rate=None error_rate=0 (15/3240)
    run 15 uid=d90e83c03b91 lat_p95=31.035877 cache_hit_rate=None error_rate=0 (16/3240)
    run 16 uid=68082ae2cf1f lat_p95=61.67219159999994 cache_hit_rate=None error_rate=0 (17/3240)
    run 17 uid=1f901c85ba0d lat_p95=56.724872499999904 cache_hit_rate=None error_rate=0 (18/3240)
    run 18 uid=687df5c7f9df lat_p95=63.369551 cache_hit_rate=None error_rate=0 (19/3240)
    run 19 uid=ad163acc1a33 lat_p95=52.304306 cache_hit_rate=None error_rate=0 (20/3240)
    run 20 uid=097c446fd914 lat_p95=54.230946 cache_hit_rate=None error_rate=0 (21/3240)
    run 21 uid=7a3477005c76 lat_p95=31.69668939999998 cache_hit_rate=None error_rate=0 (22/3240)
    run 22 uid=5b578f06229a lat_p95=36.80867364999997 cache_hit_rate=None error_rate=0 (23/3240)
    run 23 uid=4f281bed1b3a lat_p95=51.733026 cache_hit_rate=None error_rate=0 (24/3240)
    run 24 uid=d1e39c7505d3 lat_p95=39.736235 cache_hit_rate=None error_rate=0 (25/3240)
    run 25 uid=d9daef38d1f4 lat_p95=49.939822 cache_hit_rate=None error_rate=0 (26/3240)
    run 26 uid=f887c5236cf4 lat_p95=46.069872 cache_hit_rate=None error_rate=0 (27/3240)
    run 27 uid=52d58cb59158 lat_p95=28.647195099999973 cache_hit_rate=None error_rate=0 (28/3240)
    run 28 uid=9de63c0f56b9 lat_p95=28.064724 cache_hit_rate=None error_rate=0 (29/3240)
    run 29 uid=09ce2b32e968 lat_p95=36.87420789999961 cache_hit_rate=None error_rate=0 (30/3240)
  [server] stop graphql
  [server] start rest (backend=sqlite)
  [block B0009] rest/scenario=M2/tier=low/rate=25rps(r40)/caching=off/uniform/backend=sqlite/lan -- warmup x1
  [block B0009] measured runs remaining: 30/30
    run 0 uid=294f4daa076c lat_p95=9.290554 cache_hit_rate=None error_rate=0 (31/3240)
    run 1 uid=edca417f4535 lat_p95=9.212749500000001 cache_hit_rate=None error_rate=0 (32/3240)
    run 2 uid=1b322d06f226 lat_p95=9.206958949999999 cache_hit_rate=None error_rate=0 (33/3240)
    run 3 uid=d98ba774e3d4 lat_p95=9.295332449999998 cache_hit_rate=None error_rate=0 (34/3240)
    run 4 uid=47161404bbcd lat_p95=9.3422935 cache_hit_rate=None error_rate=0 (35/3240)
    run 5 uid=8b00e48d082f lat_p95=9.284623499999999 cache_hit_rate=None error_rate=0 (36/3240)
    run 6 uid=2386676d59f6 lat_p95=9.282885549999998 cache_hit_rate=None error_rate=0 (37/3240)
    run 7 uid=6898a4221cd0 lat_p95=9.2369575 cache_hit_rate=None error_rate=0 (38/3240)
    run 8 uid=d08bd4fb498c lat_p95=9.2698985 cache_hit_rate=None error_rate=0 (39/3240)
    run 9 uid=2d79d67b4408 lat_p95=9.261826 cache_hit_rate=None error_rate=0 (40/3240)
    run 10 uid=8f401440f69b lat_p95=9.2787495 cache_hit_rate=None error_rate=0 (41/3240)
    run 11 uid=b4e0cca34502 lat_p95=9.154527999999999 cache_hit_rate=None error_rate=0 (42/3240)
    run 12 uid=be17f69a7ab4 lat_p95=9.2100905 cache_hit_rate=None error_rate=0 (43/3240)
    run 13 uid=5f9fe9bf75c4 lat_p95=9.3609409 cache_hit_rate=None error_rate=0 (44/3240)
    run 14 uid=21294e8618c9 lat_p95=9.3452705 cache_hit_rate=None error_rate=0 (45/3240)
    run 15 uid=d26b180baeb6 lat_p95=9.326688 cache_hit_rate=None error_rate=0 (46/3240)
    run 16 uid=8d698f37943a lat_p95=9.201926049999999 cache_hit_rate=None error_rate=0 (47/3240)
    run 17 uid=b58bc361fdaf lat_p95=9.141593 cache_hit_rate=None error_rate=0 (48/3240)
    run 18 uid=ad683f7f571d lat_p95=9.31156195 cache_hit_rate=None error_rate=0 (49/3240)
    run 19 uid=db81a6b214fc lat_p95=9.34767995 cache_hit_rate=None error_rate=0 (50/3240)
    run 20 uid=169fc586f130 lat_p95=9.287333049999996 cache_hit_rate=None error_rate=0 (51/3240)
    run 21 uid=cdae29ae6d6b lat_p95=9.3608705 cache_hit_rate=None error_rate=0 (52/3240)
    run 22 uid=62b956df90b5 lat_p95=9.234042500000001 cache_hit_rate=None error_rate=0 (53/3240)
    run 23 uid=e89782f91370 lat_p95=9.1937315 cache_hit_rate=None error_rate=0 (54/3240)
    run 24 uid=019bd26a86ce lat_p95=9.1196235 cache_hit_rate=None error_rate=0 (55/3240)
    run 25 uid=2d7691619329 lat_p95=9.17173195 cache_hit_rate=None error_rate=0 (56/3240)
    run 26 uid=62864dbb58ec lat_p95=9.342816 cache_hit_rate=None error_rate=0 (57/3240)
    run 27 uid=ea07f244bad7 lat_p95=9.1969235 cache_hit_rate=None error_rate=0 (58/3240)
    run 28 uid=8381aac2a585 lat_p95=9.315843000000001 cache_hit_rate=None error_rate=0 (59/3240)
    run 29 uid=33bc617358da lat_p95=9.206878 cache_hit_rate=None error_rate=0 (60/3240)
  [block B0001] rest/scenario=M1/tier=low/rate=50rps(r80)/caching=off/uniform/backend=sqlite/lan -- warmup x1
  [block B0001] measured runs remaining: 30/30
    run 0 uid=9d6a62649845 lat_p95=8.9887135 cache_hit_rate=None error_rate=0 (61/3240)
    run 1 uid=09d45318c077 lat_p95=9.03989145 cache_hit_rate=None error_rate=0 (62/3240)
    run 2 uid=ba0506c964b0 lat_p95=8.907613 cache_hit_rate=None error_rate=0 (63/3240)
    run 3 uid=b661c7fe9e91 lat_p95=8.976156 cache_hit_rate=None error_rate=0 (64/3240)
    run 4 uid=644fdb247268 lat_p95=9.003524 cache_hit_rate=None error_rate=0 (65/3240)
    run 5 uid=7014812f667f lat_p95=9.094709 cache_hit_rate=None error_rate=0 (66/3240)
    run 6 uid=12bdc1742e7a lat_p95=8.97348 cache_hit_rate=None error_rate=0 (67/3240)
    run 7 uid=e83dd5979a74 lat_p95=8.969179 cache_hit_rate=None error_rate=0 (68/3240)
    run 8 uid=706a0e25803e lat_p95=8.868856 cache_hit_rate=None error_rate=0 (69/3240)
    run 9 uid=6dc5938289ad lat_p95=8.8833218 cache_hit_rate=None error_rate=0 (70/3240)
    run 10 uid=b75f95791149 lat_p95=8.841834 cache_hit_rate=None error_rate=0 (71/3240)
    run 11 uid=d4de5ef35cad lat_p95=8.974124999999999 cache_hit_rate=None error_rate=0 (72/3240)
    run 12 uid=507c748288db lat_p95=8.954718 cache_hit_rate=None error_rate=0 (73/3240)
    run 13 uid=f22074fca560 lat_p95=9.094795399999999 cache_hit_rate=None error_rate=0 (74/3240)
    run 14 uid=f5457785004b lat_p95=8.927081 cache_hit_rate=None error_rate=0 (75/3240)
    run 15 uid=b532877666f6 lat_p95=9.105852950000001 cache_hit_rate=None error_rate=0 (76/3240)
    run 16 uid=8c3ea63e4c1b lat_p95=8.879623500000001 cache_hit_rate=None error_rate=0 (77/3240)
    run 17 uid=d088a02aa875 lat_p95=8.99171495 cache_hit_rate=None error_rate=0 (78/3240)
    run 18 uid=5f2d20891dc4 lat_p95=8.938417 cache_hit_rate=None error_rate=0 (79/3240)
    run 19 uid=92a1c70e55ec lat_p95=8.777265 cache_hit_rate=None error_rate=0 (80/3240)
    run 20 uid=28305730002b lat_p95=8.848814 cache_hit_rate=None error_rate=0 (81/3240)
    run 21 uid=81919124df2c lat_p95=8.932682 cache_hit_rate=None error_rate=0 (82/3240)
    run 22 uid=1b3c13a3142c lat_p95=8.971932 cache_hit_rate=None error_rate=0 (83/3240)
    run 23 uid=b0d459e8c030 lat_p95=8.8944488 cache_hit_rate=None error_rate=0 (84/3240)
    run 24 uid=d5fe0c95c472 lat_p95=8.86718 cache_hit_rate=None error_rate=0 (85/3240)
    run 25 uid=276099adf945 lat_p95=8.90577025 cache_hit_rate=None error_rate=0 (86/3240)
    run 26 uid=7f9d0310d6fa lat_p95=9.023041 cache_hit_rate=None error_rate=0 (87/3240)
    run 27 uid=a26028729b88 lat_p95=9.011208 cache_hit_rate=None error_rate=0 (88/3240)
    run 28 uid=620fd6b2ff56 lat_p95=9.061832 cache_hit_rate=None error_rate=0 (89/3240)
    run 29 uid=8ac828030fe8 lat_p95=8.952394 cache_hit_rate=None error_rate=0 (90/3240)
  [server] stop rest
  [server] start graphql (backend=sqlite)
  [block B0065] graphql/scenario=M2/tier=low/rate=74rps(r120_overload)/caching=off/uniform/backend=sqlite/lan -- warmup x1
  [block B0065] measured runs remaining: 30/30
    run 0 uid=748f10b2ec98 lat_p95=14.913985599999998 cache_hit_rate=None error_rate=0 (91/3240)
    run 1 uid=f083c05f9a61 lat_p95=15.778736 cache_hit_rate=None error_rate=0 (92/3240)
    run 2 uid=49116be86b46 lat_p95=14.982563 cache_hit_rate=None error_rate=0 (93/3240)
    run 3 uid=bd3967d031a8 lat_p95=14.719326099999996 cache_hit_rate=None error_rate=0 (94/3240)
    run 4 uid=551a221bd2f0 lat_p95=14.846078 cache_hit_rate=None error_rate=0 (95/3240)
    run 5 uid=d7b6459ecb98 lat_p95=14.726400999999997 cache_hit_rate=None error_rate=0 (96/3240)
    run 6 uid=9f5f8f84cf4f lat_p95=14.988519 cache_hit_rate=None error_rate=0 (97/3240)
    run 7 uid=719a1596a3f8 lat_p95=14.943404 cache_hit_rate=None error_rate=0 (98/3240)
    run 8 uid=b4ec30b87dc0 lat_p95=14.748675949999999 cache_hit_rate=None error_rate=0 (99/3240)
    run 9 uid=e37766a40357 lat_p95=14.825639499999994 cache_hit_rate=None error_rate=0 (100/3240)
    run 10 uid=88868c9fe4f0 lat_p95=14.836742 cache_hit_rate=None error_rate=0 (101/3240)
    run 11 uid=e3101b40ffcc lat_p95=15.056384 cache_hit_rate=None error_rate=0 (102/3240)
    run 12 uid=cee2882526e9 lat_p95=14.594377 cache_hit_rate=None error_rate=0 (103/3240)
    run 13 uid=2d380c9f2b2f lat_p95=14.703620999999996 cache_hit_rate=None error_rate=0 (104/3240)
    run 14 uid=00df59cf2910 lat_p95=14.855482 cache_hit_rate=None error_rate=0 (105/3240)
    run 15 uid=55ee4731a186 lat_p95=14.696535349999989 cache_hit_rate=None error_rate=0 (106/3240)
    run 16 uid=807841b503b7 lat_p95=14.833371 cache_hit_rate=None error_rate=0 (107/3240)
    run 17 uid=488706bd9c32 lat_p95=14.729715 cache_hit_rate=None error_rate=0 (108/3240)
    run 18 uid=f46bc38ee7ac lat_p95=15.06775 cache_hit_rate=None error_rate=0 (109/3240)
    run 19 uid=3a42f80c29b7 lat_p95=14.660585949999994 cache_hit_rate=None error_rate=0 (110/3240)
    run 20 uid=f0e7f8c14d9b lat_p95=14.941773 cache_hit_rate=None error_rate=0 (111/3240)
    run 21 uid=f8ddc9ad0ceb lat_p95=15.14046 cache_hit_rate=None error_rate=0 (112/3240)
    run 22 uid=8f1a7f59349c lat_p95=14.751291 cache_hit_rate=None error_rate=0 (113/3240)
    run 23 uid=900af0d364ae lat_p95=14.8297741 cache_hit_rate=None error_rate=0 (114/3240)
    run 24 uid=bbbc2d1db16e lat_p95=15.083896 cache_hit_rate=None error_rate=0 (115/3240)
    run 25 uid=715665dd9c21 lat_p95=15.179038999999998 cache_hit_rate=None error_rate=0 (116/3240)
    run 26 uid=fd1ea144c0a3 lat_p95=14.957315 cache_hit_rate=None error_rate=0 (117/3240)
    run 27 uid=15c1a4e874ca lat_p95=15.126623 cache_hit_rate=None error_rate=0 (118/3240)
    run 28 uid=03d088fd97db lat_p95=15.310411 cache_hit_rate=None error_rate=0 (119/3240)
    run 29 uid=6027250e1c8f lat_p95=15.107702 cache_hit_rate=None error_rate=0 (120/3240)
  [block B0102] graphql/scenario=M6/tier=k5/rate=17rps(r40)/caching=off/uniform/backend=sqlite/lan -- warmup x1
  [block B0102] measured runs remaining: 30/30
    run 0 uid=5ab5842c3516 lat_p95=20.446994 cache_hit_rate=None error_rate=0 (121/3240)
    run 1 uid=7a629637e884 lat_p95=20.379373 cache_hit_rate=None error_rate=0 (122/3240)
    run 2 uid=36911818734e lat_p95=20.0724745 cache_hit_rate=None error_rate=0 (123/3240)
    run 3 uid=42bee2d930c8 lat_p95=20.044683 cache_hit_rate=None error_rate=0 (124/3240)
    run 4 uid=a566f47c02fc lat_p95=20.47814 cache_hit_rate=None error_rate=0 (125/3240)
    run 5 uid=bda545595e63 lat_p95=20.81201595 cache_hit_rate=None error_rate=0 (126/3240)
    run 6 uid=c394e7b9699f lat_p95=20.99453105 cache_hit_rate=None error_rate=0 (127/3240)
    run 7 uid=edc50c5d995a lat_p95=20.5296235 cache_hit_rate=None error_rate=0 (128/3240)
    run 8 uid=413bc4a9c647 lat_p95=20.4050695 cache_hit_rate=None error_rate=0 (129/3240)
    run 9 uid=2802e1200312 lat_p95=20.707741 cache_hit_rate=None error_rate=0 (130/3240)
    run 10 uid=55dc5879d461 lat_p95=20.644032599999996 cache_hit_rate=None error_rate=0 (131/3240)
    run 11 uid=09e4ce04ff69 lat_p95=20.2951205 cache_hit_rate=None error_rate=0 (132/3240)
    run 12 uid=671423a81213 lat_p95=20.4755435 cache_hit_rate=None error_rate=0 (133/3240)
    run 13 uid=f869eb3f66b1 lat_p95=19.9964709 cache_hit_rate=None error_rate=0 (134/3240)
    run 14 uid=ad64f557a68f lat_p95=20.222382500000002 cache_hit_rate=None error_rate=0 (135/3240)
    run 15 uid=c61e17537f2e lat_p95=20.38998955 cache_hit_rate=None error_rate=0 (136/3240)
    run 16 uid=782dcfc17c0e lat_p95=20.0220865 cache_hit_rate=None error_rate=0 (137/3240)
    run 17 uid=554f57aad74c lat_p95=20.1827125 cache_hit_rate=None error_rate=0 (138/3240)
    run 18 uid=03535c40043f lat_p95=20.324467 cache_hit_rate=None error_rate=0 (139/3240)
    run 19 uid=a3d8985cabc2 lat_p95=20.225479999999997 cache_hit_rate=None error_rate=0 (140/3240)
    run 20 uid=7f889acf141a lat_p95=20.304865 cache_hit_rate=None error_rate=0 (141/3240)
    run 21 uid=f72214b25af6 lat_p95=20.380185 cache_hit_rate=None error_rate=0 (142/3240)
    run 22 uid=474e75e309b0 lat_p95=20.167042000000002 cache_hit_rate=None error_rate=0 (143/3240)
    run 23 uid=90a02bb23d50 lat_p95=20.384362449999998 cache_hit_rate=None error_rate=0 (144/3240)
    run 24 uid=05890b295e36 lat_p95=20.330128000000002 cache_hit_rate=None error_rate=0 (145/3240)
    run 25 uid=7b9e7bfc18a1 lat_p95=20.16899745 cache_hit_rate=None error_rate=0 (146/3240)
    run 26 uid=6d49ab4bb5a9 lat_p95=20.700083499999998 cache_hit_rate=None error_rate=0 (147/3240)
    run 27 uid=02a897caa309 lat_p95=20.379444499999998 cache_hit_rate=None error_rate=0 (148/3240)
    run 28 uid=6e671f718f28 lat_p95=20.2256109 cache_hit_rate=None error_rate=0 (149/3240)
    run 29 uid=c589179efa9f lat_p95=20.3335795 cache_hit_rate=None error_rate=0 (150/3240)
  [server] stop graphql
  [server] start rest (backend=sqlite)
  [block B0015] rest/scenario=M2/tier=high/rate=25rps(r40)/caching=off/uniform/backend=sqlite/lan -- warmup x1
  [block B0015] measured runs remaining: 30/30
    run 0 uid=37593f89e61e lat_p95=11.064819049999999 cache_hit_rate=None error_rate=0 (151/3240)
    run 1 uid=a0b0edd6d008 lat_p95=10.948850949999999 cache_hit_rate=None error_rate=0 (152/3240)
    run 2 uid=25b0a32ee199 lat_p95=10.9100105 cache_hit_rate=None error_rate=0 (153/3240)
    run 3 uid=b86a1d77c329 lat_p95=10.71975645 cache_hit_rate=None error_rate=0 (154/3240)
    run 4 uid=c5ea291effd7 lat_p95=10.8276525 cache_hit_rate=None error_rate=0 (155/3240)
    run 5 uid=df6984e970d9 lat_p95=10.978058999999998 cache_hit_rate=None error_rate=0 (156/3240)
    run 6 uid=4d161ac849da lat_p95=10.974568 cache_hit_rate=None error_rate=0 (157/3240)
    run 7 uid=9c5545473768 lat_p95=10.979258499999997 cache_hit_rate=None error_rate=0 (158/3240)
    run 8 uid=c0f6eb1fb48f lat_p95=10.886948499999999 cache_hit_rate=None error_rate=0 (159/3240)
    run 9 uid=42cd0f8df60a lat_p95=10.861609499999995 cache_hit_rate=None error_rate=0 (160/3240)
    run 10 uid=34ea95c1c00f lat_p95=10.722388 cache_hit_rate=None error_rate=0 (161/3240)
    run 11 uid=055bd1cdb858 lat_p95=11.054377999999998 cache_hit_rate=None error_rate=0 (162/3240)
    run 12 uid=00ee0d358f1d lat_p95=10.926787 cache_hit_rate=None error_rate=0 (163/3240)
    run 13 uid=c6006eac7b60 lat_p95=10.854316 cache_hit_rate=None error_rate=0 (164/3240)
    run 14 uid=3dfecd435a3e lat_p95=10.887241 cache_hit_rate=None error_rate=0 (165/3240)
    run 15 uid=cfb918a03540 lat_p95=10.6364115 cache_hit_rate=None error_rate=0 (166/3240)
    run 16 uid=c6a4a32584e3 lat_p95=10.9356905 cache_hit_rate=None error_rate=0 (167/3240)
    run 17 uid=5e62a36cebba lat_p95=10.952932949999996 cache_hit_rate=None error_rate=0 (168/3240)
    run 18 uid=f2192db8d40e lat_p95=10.817725 cache_hit_rate=None error_rate=0 (169/3240)
    run 19 uid=0647ce658f36 lat_p95=10.847095999999999 cache_hit_rate=None error_rate=0 (170/3240)
    run 20 uid=ba55466441f3 lat_p95=10.896347500000001 cache_hit_rate=None error_rate=0 (171/3240)
    run 21 uid=735376c71c47 lat_p95=10.728243500000001 cache_hit_rate=None error_rate=0 (172/3240)
    run 22 uid=4e08d61185e3 lat_p95=10.952849 cache_hit_rate=None error_rate=0 (173/3240)
    run 23 uid=7315e5444f7e lat_p95=11.0525115 cache_hit_rate=None error_rate=0 (174/3240)
    run 24 uid=f4cbccfccb14 lat_p95=10.8335655 cache_hit_rate=None error_rate=0 (175/3240)
    run 25 uid=08a3e777d4cc lat_p95=11.038166499999999 cache_hit_rate=None error_rate=0 (176/3240)
    run 26 uid=dc35c967ba77 lat_p95=10.644761449999999 cache_hit_rate=None error_rate=0 (177/3240)
    run 27 uid=9c5a419e350c lat_p95=10.951017 cache_hit_rate=None error_rate=0 (178/3240)
    run 28 uid=32c39a85db27 lat_p95=10.756668999999999 cache_hit_rate=None error_rate=0 (179/3240)
    run 29 uid=a8d27058bb5b lat_p95=10.776999 cache_hit_rate=None error_rate=0 (180/3240)
  [server] stop rest
  [server] start graphql (backend=sqlite)
  [block B0062] graphql/scenario=M1/tier=high/rate=74rps(r120_overload)/caching=off/uniform/backend=sqlite/lan -- warmup x1
  [block B0062] measured runs remaining: 30/30
    run 0 uid=d36d8ae3717d lat_p95=11182.50398035 cache_hit_rate=None error_rate=0 (181/3240)
    run 1 uid=49ceb9a0d6f6 lat_p95=12005.09770465 cache_hit_rate=None error_rate=0 (182/3240)
    run 2 uid=be0355fdafcf lat_p95=11317.38958625 cache_hit_rate=None error_rate=0 (183/3240)
    run 3 uid=d325971e2f1f lat_p95=11458.1410026 cache_hit_rate=None error_rate=0 (184/3240)
    run 4 uid=3eb29b823dfb lat_p95=11441.22125425 cache_hit_rate=None error_rate=0 (185/3240)
    run 5 uid=c8ba90311578 lat_p95=11712.653847999998 cache_hit_rate=None error_rate=0 (186/3240)
    run 6 uid=5ae90c8421fb lat_p95=11826.29069305 cache_hit_rate=None error_rate=0 (187/3240)
    run 7 uid=4df6d8848429 lat_p95=11578.8337735 cache_hit_rate=None error_rate=0 (188/3240)
    run 8 uid=16d52e318002 lat_p95=11764.8572863 cache_hit_rate=None error_rate=0 (189/3240)
    run 9 uid=89adab9376fe lat_p95=11208.092424 cache_hit_rate=None error_rate=0 (190/3240)
    run 10 uid=e53f4b306e1d lat_p95=11724.3153989 cache_hit_rate=None error_rate=0 (191/3240)
    run 11 uid=42e810782a84 lat_p95=11778.747450649998 cache_hit_rate=None error_rate=0 (192/3240)
    run 12 uid=f8522ddb6914 lat_p95=11825.863332800001 cache_hit_rate=None error_rate=0 (193/3240)
    run 13 uid=569bb2e8a282 lat_p95=11904.7446511 cache_hit_rate=None error_rate=0 (194/3240)
    run 14 uid=729bd0f2617b lat_p95=11660.506210649999 cache_hit_rate=None error_rate=0 (195/3240)
    run 15 uid=bc60bb49ea97 lat_p95=11638.037921199999 cache_hit_rate=None error_rate=0 (196/3240)
    run 16 uid=e2216003ee35 lat_p95=11550.5697879 cache_hit_rate=None error_rate=0 (197/3240)
    run 17 uid=f1c0c9f431c3 lat_p95=11648.3196397 cache_hit_rate=None error_rate=0 (198/3240)
    run 18 uid=7caa11b35556 lat_p95=11535.7412668 cache_hit_rate=None error_rate=0 (199/3240)
    run 19 uid=89c365c6454c lat_p95=11745.012606449998 cache_hit_rate=None error_rate=0 (200/3240)
    run 20 uid=9f0fb095505e lat_p95=12006.202431299998 cache_hit_rate=None error_rate=0 (201/3240)
    run 21 uid=9afb14ad715b lat_p95=11828.088473400001 cache_hit_rate=None error_rate=0 (202/3240)
    run 22 uid=83ea34263387 lat_p95=11560.204478899997 cache_hit_rate=None error_rate=0 (203/3240)
    run 23 uid=38d3048f5c44 lat_p95=11838.8482478 cache_hit_rate=None error_rate=0 (204/3240)
    run 24 uid=751b202c50a2 lat_p95=11919.0040161 cache_hit_rate=None error_rate=0 (205/3240)
    run 25 uid=eccd55d1111c lat_p95=11661.777541 cache_hit_rate=None error_rate=0 (206/3240)
    run 26 uid=cf686e42190a lat_p95=11780.596685199998 cache_hit_rate=None error_rate=0 (207/3240)
    run 27 uid=79e1b6061db6 lat_p95=11670.8373383 cache_hit_rate=None error_rate=0 (208/3240)
    run 28 uid=6dca786380c5 lat_p95=11563.2624117 cache_hit_rate=None error_rate=0 (209/3240)
    run 29 uid=97790a21f091 lat_p95=11658.272514000002 cache_hit_rate=None error_rate=0 (210/3240)
  [block B0067] graphql/scenario=M2/tier=medium/rate=50rps(r80)/caching=off/uniform/backend=sqlite/lan -- warmup x1
  [block B0067] measured runs remaining: 30/30
    run 0 uid=74d973804f2d lat_p95=16.95101 cache_hit_rate=None error_rate=0 (211/3240)
    run 1 uid=357c01255c07 lat_p95=16.61279 cache_hit_rate=None error_rate=0 (212/3240)
    run 2 uid=04e762d16cf5 lat_p95=16.676146 cache_hit_rate=None error_rate=0 (213/3240)
    run 3 uid=45704c559a5a lat_p95=16.894187350000003 cache_hit_rate=None error_rate=0 (214/3240)
    run 4 uid=1498c9cf0c71 lat_p95=16.782346800000003 cache_hit_rate=None error_rate=0 (215/3240)
    run 5 uid=5fc05755fc4d lat_p95=16.671890450000003 cache_hit_rate=None error_rate=0 (216/3240)
    run 6 uid=cd221a677678 lat_p95=16.521079 cache_hit_rate=None error_rate=0 (217/3240)
    run 7 uid=24415435cddd lat_p95=16.76038745 cache_hit_rate=None error_rate=0 (218/3240)
    run 8 uid=337a8947a417 lat_p95=16.665913650000004 cache_hit_rate=None error_rate=0 (219/3240)
    run 9 uid=da5c86f5cfbd lat_p95=16.415721 cache_hit_rate=None error_rate=0 (220/3240)
    run 10 uid=76ecb12b5bef lat_p95=16.80115 cache_hit_rate=None error_rate=0 (221/3240)
    run 11 uid=b52ff169b0fb lat_p95=17.869133 cache_hit_rate=None error_rate=0 (222/3240)
    run 12 uid=fff14205be36 lat_p95=16.485135 cache_hit_rate=None error_rate=0 (223/3240)
    run 13 uid=105837b0d142 lat_p95=17.449995 cache_hit_rate=None error_rate=0 (224/3240)
    run 14 uid=21f9443f874b lat_p95=17.151211 cache_hit_rate=None error_rate=0 (225/3240)
    run 15 uid=30fb85d6e4d8 lat_p95=17.196428 cache_hit_rate=None error_rate=0 (226/3240)
    run 16 uid=e532998d64b3 lat_p95=16.6447769 cache_hit_rate=None error_rate=0 (227/3240)
    run 17 uid=b52edd37c5ed lat_p95=16.64899 cache_hit_rate=None error_rate=0 (228/3240)
    run 18 uid=2149d62a3ff6 lat_p95=16.443407099999998 cache_hit_rate=None error_rate=0 (229/3240)
    run 19 uid=78865075af63 lat_p95=16.665858 cache_hit_rate=None error_rate=0 (230/3240)
    run 20 uid=c2d499ea6d83 lat_p95=17.04504800000001 cache_hit_rate=None error_rate=0 (231/3240)
    run 21 uid=182c107aefcb lat_p95=17.031946 cache_hit_rate=None error_rate=0 (232/3240)
    run 22 uid=b3454c2f7780 lat_p95=16.855048 cache_hit_rate=None error_rate=0 (233/3240)
    run 23 uid=dca9baca7a41 lat_p95=16.735133 cache_hit_rate=None error_rate=0 (234/3240)
    run 24 uid=929fa4e6a797 lat_p95=16.74018395 cache_hit_rate=None error_rate=0 (235/3240)
    run 25 uid=4982265c9328 lat_p95=16.68009395 cache_hit_rate=None error_rate=0 (236/3240)
    run 26 uid=101f335daae9 lat_p95=16.535935 cache_hit_rate=None error_rate=0 (237/3240)
    run 27 uid=55df12c1b2f7 lat_p95=16.859526550000002 cache_hit_rate=None error_rate=0 (238/3240)
    run 28 uid=7b4822695fac lat_p95=16.9178822 cache_hit_rate=None error_rate=0 (239/3240)
    run 29 uid=c9f48d3b684f lat_p95=16.729983 cache_hit_rate=None error_rate=0 (240/3240)
  [block B0085] graphql/scenario=M4/tier=medium/rate=50rps(r80)/caching=off/uniform/backend=sqlite/lan -- warmup x1
  [block B0085] measured runs remaining: 30/30
    run 0 uid=a7dcf76b2172 lat_p95=14.308812 cache_hit_rate=None error_rate=0 (241/3240)
    run 1 uid=694fcced106d lat_p95=14.21470835 cache_hit_rate=None error_rate=0 (242/3240)
    run 2 uid=bf857095fcac lat_p95=14.306883100000002 cache_hit_rate=None error_rate=0 (243/3240)
    run 3 uid=9ad41e3c7d0e lat_p95=14.679677 cache_hit_rate=None error_rate=0 (244/3240)
    run 4 uid=f17cd239f378 lat_p95=14.719751 cache_hit_rate=None error_rate=0 (245/3240)
    run 5 uid=3501f202e551 lat_p95=14.71012 cache_hit_rate=None error_rate=0 (246/3240)
    run 6 uid=586d194a00a3 lat_p95=14.577204 cache_hit_rate=None error_rate=0 (247/3240)
    run 7 uid=10e552bf4775 lat_p95=14.33764 cache_hit_rate=None error_rate=0 (248/3240)
    run 8 uid=0570c64dde1a lat_p95=14.3315326 cache_hit_rate=None error_rate=0 (249/3240)
    run 9 uid=d3477fafe668 lat_p95=14.273867 cache_hit_rate=None error_rate=0 (250/3240)
    run 10 uid=91e2ce98ed6f lat_p95=14.538472 cache_hit_rate=None error_rate=0 (251/3240)
    run 11 uid=dc518066cd83 lat_p95=14.603921 cache_hit_rate=None error_rate=0 (252/3240)
    run 12 uid=a373c4d47c99 lat_p95=14.667399 cache_hit_rate=None error_rate=0 (253/3240)
    run 13 uid=07f7b7cd0a28 lat_p95=14.650115 cache_hit_rate=None error_rate=0 (254/3240)
    run 14 uid=5e88a5bca771 lat_p95=14.610247 cache_hit_rate=None error_rate=0 (255/3240)
    run 15 uid=e1cfb29cb9b2 lat_p95=14.581884050000003 cache_hit_rate=None error_rate=0 (256/3240)
    run 16 uid=5aed101c2cbe lat_p95=14.673216 cache_hit_rate=None error_rate=0 (257/3240)
    run 17 uid=557326f01842 lat_p95=14.374647 cache_hit_rate=None error_rate=0 (258/3240)
    run 18 uid=bfce5c7c8642 lat_p95=14.481307700000002 cache_hit_rate=None error_rate=0 (259/3240)
    run 19 uid=a8d4d3db15e4 lat_p95=14.394965 cache_hit_rate=None error_rate=0 (260/3240)
    run 20 uid=ce01d6b73a74 lat_p95=14.547705300000004 cache_hit_rate=None error_rate=0 (261/3240)
    run 21 uid=92f84fb96b3c lat_p95=14.498094 cache_hit_rate=None error_rate=0 (262/3240)
    run 22 uid=9fc1510cdc99 lat_p95=14.616886 cache_hit_rate=None error_rate=0 (263/3240)
    run 23 uid=673cf057a03e lat_p95=14.680343 cache_hit_rate=None error_rate=0 (264/3240)
    run 24 uid=a77d43f0c353 lat_p95=14.400822 cache_hit_rate=None error_rate=0 (265/3240)
    run 25 uid=46cf7b20e4a0 lat_p95=14.336095 cache_hit_rate=None error_rate=0 (266/3240)
    run 26 uid=fa33df093cdb lat_p95=14.367667000000003 cache_hit_rate=None error_rate=0 (267/3240)
    run 27 uid=766f242e689f lat_p95=14.412111 cache_hit_rate=None error_rate=0 (268/3240)
    run 28 uid=96ed11cb4021 lat_p95=14.419903 cache_hit_rate=None error_rate=0 (269/3240)
    run 29 uid=48c2052185ba lat_p95=14.36430755 cache_hit_rate=None error_rate=0 (270/3240)
  [server] stop graphql
  [server] start rest (backend=sqlite)
  [block B0026] rest/scenario=M3/tier=high/rate=74rps(r120_overload)/caching=off/uniform/backend=sqlite/lan -- warmup x1
  [block B0026] measured runs remaining: 30/30
    run 0 uid=23c7d48be40d lat_p95=9.379330999999999 cache_hit_rate=None error_rate=0 (271/3240)
    run 1 uid=1005d41bbd81 lat_p95=9.456596 cache_hit_rate=None error_rate=0 (272/3240)
    run 2 uid=28a5ddd21100 lat_p95=9.456135 cache_hit_rate=None error_rate=0 (273/3240)
    run 3 uid=8bf63be08982 lat_p95=9.396836 cache_hit_rate=None error_rate=0 (274/3240)
    run 4 uid=1066066b54eb lat_p95=9.398346 cache_hit_rate=None error_rate=0 (275/3240)
    run 5 uid=4400b39f37b9 lat_p95=9.4288895 cache_hit_rate=None error_rate=0 (276/3240)
    run 6 uid=8cd8e103ea80 lat_p95=9.335042999999999 cache_hit_rate=None error_rate=0 (277/3240)
    run 7 uid=92a9a9e39bb5 lat_p95=9.496441449999999 cache_hit_rate=None error_rate=0 (278/3240)
    run 8 uid=bcb34f8c5fc0 lat_p95=9.448064 cache_hit_rate=None error_rate=0 (279/3240)
    run 9 uid=c81ed54fdd6c lat_p95=9.405875 cache_hit_rate=None error_rate=0 (280/3240)
    run 10 uid=6c37c02c0347 lat_p95=9.380656 cache_hit_rate=None error_rate=0 (281/3240)
    run 11 uid=66d4088d3b74 lat_p95=9.385116 cache_hit_rate=None error_rate=0 (282/3240)
    run 12 uid=08efd517cbae lat_p95=9.420076 cache_hit_rate=None error_rate=0 (283/3240)
    run 13 uid=d932e3c007fa lat_p95=9.348549499999999 cache_hit_rate=None error_rate=0 (284/3240)
    run 14 uid=8821e46f5194 lat_p95=9.328348 cache_hit_rate=None error_rate=0 (285/3240)
    run 15 uid=6468526daa7b lat_p95=9.348878 cache_hit_rate=None error_rate=0 (286/3240)
    run 16 uid=75c949532c91 lat_p95=9.402247 cache_hit_rate=None error_rate=0 (287/3240)
    run 17 uid=913203629317 lat_p95=9.436297 cache_hit_rate=None error_rate=0 (288/3240)
    run 18 uid=1ca898c77e40 lat_p95=9.254214 cache_hit_rate=None error_rate=0 (289/3240)
    run 19 uid=f5e7071383c1 lat_p95=9.303906499999998 cache_hit_rate=None error_rate=0 (290/3240)
    run 20 uid=5ec154abde65 lat_p95=9.355708 cache_hit_rate=None error_rate=0 (291/3240)
    run 21 uid=c42cd72bc1aa lat_p95=9.273518 cache_hit_rate=None error_rate=0 (292/3240)
    run 22 uid=120bac8b7d02 lat_p95=9.474357 cache_hit_rate=None error_rate=0 (293/3240)
    run 23 uid=bf15877792bb lat_p95=9.358998 cache_hit_rate=None error_rate=0 (294/3240)
    run 24 uid=a9ccf061c64a lat_p95=9.329559 cache_hit_rate=None error_rate=0 (295/3240)
    run 25 uid=f873c8a9f143 lat_p95=9.483178 cache_hit_rate=None error_rate=0 (296/3240)
    run 26 uid=3223f605e390 lat_p95=9.374678 cache_hit_rate=None error_rate=0 (297/3240)
    run 27 uid=cb7fbd503cca lat_p95=9.344828 cache_hit_rate=None error_rate=0 (298/3240)
    run 28 uid=f05ca7c249de lat_p95=9.297166 cache_hit_rate=None error_rate=0 (299/3240)
    run 29 uid=0c669c285916 lat_p95=9.33562735 cache_hit_rate=None error_rate=0 (300/3240)
  [server] stop rest
  [server] start graphql (backend=sqlite)
  [block B0084] graphql/scenario=M4/tier=medium/rate=25rps(r40)/caching=off/uniform/backend=sqlite/lan -- warmup x1
  [block B0084] measured runs remaining: 30/30
    run 0 uid=4b5dc6c1c717 lat_p95=14.248135899999994 cache_hit_rate=None error_rate=0 (301/3240)
    run 1 uid=30e96ac8664b lat_p95=14.435727399999998 cache_hit_rate=None error_rate=0 (302/3240)
    run 2 uid=2cc7905948f0 lat_p95=14.4761585 cache_hit_rate=None error_rate=0 (303/3240)
    run 3 uid=faed96d697b5 lat_p95=14.080306049999999 cache_hit_rate=None error_rate=0 (304/3240)
    run 4 uid=df2528a797ec lat_p95=14.393967299999996 cache_hit_rate=None error_rate=0 (305/3240)
    run 5 uid=0088c59366c0 lat_p95=14.3577285 cache_hit_rate=None error_rate=0 (306/3240)
    run 6 uid=98527462e83b lat_p95=14.0603435 cache_hit_rate=None error_rate=0 (307/3240)
    run 7 uid=33c7bb39382c lat_p95=14.185945099999998 cache_hit_rate=None error_rate=0 (308/3240)
    run 8 uid=810e69ef876d lat_p95=14.8274265 cache_hit_rate=None error_rate=0 (309/3240)
    run 9 uid=8937ae72c3b4 lat_p95=14.420376000000001 cache_hit_rate=None error_rate=0 (310/3240)
    run 10 uid=b694f6eb3778 lat_p95=14.520794 cache_hit_rate=None error_rate=0 (311/3240)
    run 11 uid=a3d15d5bcf50 lat_p95=14.5124215 cache_hit_rate=None error_rate=0 (312/3240)
    run 12 uid=bc0f531befc6 lat_p95=14.723812 cache_hit_rate=None error_rate=0 (313/3240)
    run 13 uid=41de78841d7a lat_p95=14.382438049999998 cache_hit_rate=None error_rate=0 (314/3240)
    run 14 uid=91ccaa88aa6c lat_p95=14.4308415 cache_hit_rate=None error_rate=0 (315/3240)
    run 15 uid=b91102bcbe3e lat_p95=14.538589449999996 cache_hit_rate=None error_rate=0 (316/3240)
    run 16 uid=3033283ba7d5 lat_p95=14.520829949999998 cache_hit_rate=None error_rate=0 (317/3240)
    run 17 uid=be3c6717e150 lat_p95=14.3226295 cache_hit_rate=None error_rate=0 (318/3240)
    run 18 uid=5cb8af858cf4 lat_p95=14.611630749999996 cache_hit_rate=None error_rate=0 (319/3240)
    run 19 uid=30af05984c61 lat_p95=14.514655099999997 cache_hit_rate=None error_rate=0 (320/3240)
    run 20 uid=0584e080eca5 lat_p95=14.296832199999999 cache_hit_rate=None error_rate=0 (321/3240)
    run 21 uid=ff488a86dffe lat_p95=14.1052898 cache_hit_rate=None error_rate=0 (322/3240)
    run 22 uid=ed79315b93c7 lat_p95=14.904664 cache_hit_rate=None error_rate=0 (323/3240)
    run 23 uid=eca80809bba6 lat_p95=14.65513665 cache_hit_rate=None error_rate=0 (324/3240)
